#
# A fatal error has been detected by the Java Runtime Environment:
#
#  EXCEPTION_PRIV_INSTRUCTION (0xc0000096) at pc=0x00000205951089bd, pid=24496, tid=19292
#
# JRE version: OpenJDK Runtime Environment (11.0.7+10) (build 11.0.7+10)
# Java VM: OpenJDK 64-Bit Server VM (11.0.7+10, mixed mode, tiered, compressed oops, g1 gc, windows-amd64)
# Problematic frame:
# j  kf.<clinit>()V+93
#
# No core dump will be written. Minidumps are not enabled by default on client versions of Windows
#
# If you would like to submit a bug report, please visit:
#   https://github.com/AdoptOpenJDK/openjdk-support/issues
#

---------------  S U M M A R Y ------------

Command Line: -Xverify:none -javaagent:C:\Program Files\JetBrains\IntelliJ IDEA 2020.2.1\lib\idea_rt.jar=64007:C:\Program Files\JetBrains\IntelliJ IDEA 2020.2.1\bin -Dfile.encoding=UTF-8 org.spectral.asm.core.Test

Host: AMD Ryzen 5 2600 Six-Core Processor            , 12 cores, 15G,  Windows 10 , 64 bit Build 18362 (10.0.18362.1082)
Time: Sun Sep 20 00:05:26 2020 US Eastern Daylight Time elapsed time: 3 seconds (0d 0h 0m 3s)

---------------  T H R E A D  ---------------

Current thread (0x000002058caa0800):  JavaThread "main" [_thread_in_Java, id=19292, stack(0x0000006718000000,0x0000006718100000)]

Stack: [0x0000006718000000,0x0000006718100000],  sp=0x00000067180fde00,  free space=1015k
Native frames: (J=compiled Java code, j=interpreted, Vv=VM code, C=native code)
C  0x00000205951089bd


siginfo: EXCEPTION_PRIV_INSTRUCTION (0xc0000096)


Register to memory mapping:

RIP=0x00000205951089bd is at code_begin+253 in an Interpreter codelet
error exits  [0x00000205951088c0, 0x00000205951089c0]  256 bytes
RAX=0x0 is NULL
RBX=0x000000000000009a is an unknown value
RCX=0x0 is NULL
RDX=0x0 is NULL
RSP=0x00000067180fde00 is pointing into the stack for thread: 0x000002058caa0800
RBP=0x00000067180fded8 is pointing into the stack for thread: 0x000002058caa0800
RSI=0x00000067180fe3e0 is pointing into the stack for thread: 0x000002058caa0800
RDI=0x0 is NULL
R8 =0x0000000000000061 is an unknown value
R9 =0x0000000000000061 is an unknown value
R10=0x0 is NULL
R11=0x0000000000000061 is an unknown value
R12=0x0 is NULL
R13=0x00000205bde81011 is pointing into metadata
R14=0x00000067180fdf00 is pointing into the stack for thread: 0x000002058caa0800
R15=0x000002058caa0800 is a thread


Registers:
RAX=0x0000000000000000, RBX=0x000000000000009a, RCX=0x0000000000000000, RDX=0x0000000000000000
RSP=0x00000067180fde00, RBP=0x00000067180fded8, RSI=0x00000067180fe3e0, RDI=0x0000000000000000
R8 =0x0000000000000061, R9 =0x0000000000000061, R10=0x0000000000000000, R11=0x0000000000000061
R12=0x0000000000000000, R13=0x00000205bde81011, R14=0x00000067180fdf00, R15=0x000002058caa0800
RIP=0x00000205951089bd, EFLAGS=0x0000000000010206

Top of Stack: (sp=0x00000067180fde00)
0x00000067180fde00:   000002058caa0800 000000000000009a
0x00000067180fde10:   00000067180fded8 00000067180fe3e0
0x00000067180fde20:   00000205bde60040 00007ffe3914e380
0x00000067180fde30:   0000000000000005 0000000000000000
0x00000067180fde40:   0000000000000000 00000067180fe3e0
0x00000067180fde50:   00000067180fded8 00000067180fde80
0x00000067180fde60:   000000000000009a 0000000000000000
0x00000067180fde70:   00000205bde81068 0000000000000001
0x00000067180fde80:   0000000000000000 0000000000000000
0x00000067180fde90:   00000067180fde90 00000205bde80fe5
0x00000067180fdea0:   00000067180fdf00 00000205bde82740
0x00000067180fdeb0:   0000000000000000 0000000716728648
0x00000067180fdec0:   00000205bde81068 0000000000000000
0x00000067180fded0:   00000067180fdf08 00000067180fe0e0
0x00000067180fdee0:   0000020595100c90 0000000000000000
0x00000067180fdef0:   0000000000000000 0000000000000000 

Instructions: (pc=0x00000205951089bd)
0x00000205951088bd:   00 00 00 48 89 64 24 d8 48 81 ec 80 00 00 00 48
0x00000205951088cd:   89 44 24 78 48 89 4c 24 70 48 89 54 24 68 48 89
0x00000205951088dd:   5c 24 60 48 89 6c 24 50 48 89 74 24 48 48 89 7c
0x00000205951088ed:   24 40 4c 89 44 24 38 4c 89 4c 24 30 4c 89 54 24
0x00000205951088fd:   28 4c 89 5c 24 20 4c 89 64 24 18 4c 89 6c 24 10
0x000002059510890d:   4c 89 74 24 08 4c 89 3c 24 48 b9 20 3b fb 38 fe
0x000002059510891d:   7f 00 00 48 ba c0 88 10 95 05 02 00 00 4c 8b c4
0x000002059510892d:   48 83 e4 f0 49 ba 70 83 c6 38 fe 7f 00 00 41 ff
0x000002059510893d:   d2 f4 48 89 64 24 d8 48 81 ec 80 00 00 00 48 89
0x000002059510894d:   44 24 78 48 89 4c 24 70 48 89 54 24 68 48 89 5c
0x000002059510895d:   24 60 48 89 6c 24 50 48 89 74 24 48 48 89 7c 24
0x000002059510896d:   40 4c 89 44 24 38 4c 89 4c 24 30 4c 89 54 24 28
0x000002059510897d:   4c 89 5c 24 20 4c 89 64 24 18 4c 89 6c 24 10 4c
0x000002059510898d:   89 74 24 08 4c 89 3c 24 48 b9 38 3b fb 38 fe 7f
0x000002059510899d:   00 00 48 ba 3f 89 10 95 05 02 00 00 4c 8b c4 48
0x00000205951089ad:   83 e4 f0 49 ba 70 83 c6 38 fe 7f 00 00 41 ff d2
0x00000205951089bd:   f4 66 90 60 0b 00 00 00 00 00 00 68 3b fb 38 fe
0x00000205951089cd:   7f 00 00 ff ff ff ff 00 00 00 00 00 00 00 00 00
0x00000205951089dd:   00 00 00 48 8b 65 f0 48 c7 45 f0 00 00 00 00 4c
0x00000205951089ed:   8b 6d c0 4c 8b 75 c8 41 0f b7 4d 01 48 8b 5d d0
0x00000205951089fd:   c1 e1 02 8b 5c cb 38 81 e3 ff 00 00 00 48 8d 24
0x0000020595108a0d:   dc 41 0f b6 5d 01 49 ff c5 49 ba 80 db 14 39 fe
0x0000020595108a1d:   7f 00 00 41 ff 24 da 48 8b 65 f0 48 c7 45 f0 00
0x0000020595108a2d:   00 00 00 4c 8b 6d c0 4c 8b 75 c8 41 0f b7 4d 01
0x0000020595108a3d:   48 8b 5d d0 c1 e1 02 8b 5c cb 38 81 e3 ff 00 00
0x0000020595108a4d:   00 48 8d 24 dc 41 0f b6 5d 01 49 ff c5 49 ba 80
0x0000020595108a5d:   03 15 39 fe 7f 00 00 41 ff 24 da 48 8b 65 f0 48
0x0000020595108a6d:   c7 45 f0 00 00 00 00 4c 8b 6d c0 4c 8b 75 c8 41
0x0000020595108a7d:   0f b7 4d 01 48 8b 5d d0 c1 e1 02 8b 5c cb 38 81
0x0000020595108a8d:   e3 ff 00 00 00 48 8d 24 dc 41 0f b6 5d 01 49 ff
0x0000020595108a9d:   c5 49 ba 80 f3 14 39 fe 7f 00 00 41 ff 24 da 48
0x0000020595108aad:   8b 65 f0 48 c7 45 f0 00 00 00 00 4c 8b 6d c0 4c 


Stack slot to memory mapping:
stack at sp + 0 slots: 0x000002058caa0800 is a thread
stack at sp + 1 slots: 0x000000000000009a is an unknown value
stack at sp + 2 slots: 0x00000067180fded8 is pointing into the stack for thread: 0x000002058caa0800
stack at sp + 3 slots: 0x00000067180fe3e0 is pointing into the stack for thread: 0x000002058caa0800
stack at sp + 4 slots: 0x00000205bde60040 is pointing into metadata
stack at sp + 5 slots: 0x00007ffe3914e380 jvm.dll
stack at sp + 6 slots: 0x0000000000000005 is an unknown value
stack at sp + 7 slots: 0x0 is NULL

error exits  [0x00000205951088c0, 0x00000205951089c0]  256 bytes

---------------  P R O C E S S  ---------------

Threads class SMR info:
_java_thread_list=0x00000205b4502300, length=16, elements={
0x000002058caa0800, 0x00000205b1432000, 0x00000205b143d000, 0x00000205b1486800,
0x00000205b1487000, 0x00000205b148a000, 0x00000205b1496800, 0x00000205b149b800,
0x00000205b1411000, 0x00000205b191d000, 0x00000205b191d800, 0x00000205b3d8b000,
0x00000205b3d8c000, 0x00000205b3d89800, 0x00000205b4cdf800, 0x00000205b4ce0000
}

Java Threads: ( => current thread )
=>0x000002058caa0800 JavaThread "main" [_thread_in_Java, id=19292, stack(0x0000006718000000,0x0000006718100000)]
  0x00000205b1432000 JavaThread "Reference Handler" daemon [_thread_blocked, id=27424, stack(0x0000006718700000,0x0000006718800000)]
  0x00000205b143d000 JavaThread "Finalizer" daemon [_thread_blocked, id=4104, stack(0x0000006718800000,0x0000006718900000)]
  0x00000205b1486800 JavaThread "Signal Dispatcher" daemon [_thread_blocked, id=23396, stack(0x0000006718900000,0x0000006718a00000)]
  0x00000205b1487000 JavaThread "Attach Listener" daemon [_thread_blocked, id=12724, stack(0x0000006718a00000,0x0000006718b00000)]
  0x00000205b148a000 JavaThread "C2 CompilerThread0" daemon [_thread_blocked, id=11548, stack(0x0000006718b00000,0x0000006718c00000)]
  0x00000205b1496800 JavaThread "C1 CompilerThread0" daemon [_thread_blocked, id=6120, stack(0x0000006718c00000,0x0000006718d00000)]
  0x00000205b149b800 JavaThread "Sweeper thread" daemon [_thread_blocked, id=25016, stack(0x0000006718d00000,0x0000006718e00000)]
  0x00000205b1411000 JavaThread "Common-Cleaner" daemon [_thread_blocked, id=20124, stack(0x0000006718e00000,0x0000006718f00000)]
  0x00000205b191d000 JavaThread "Monitor Ctrl-Break" daemon [_thread_in_native, id=23608, stack(0x0000006719000000,0x0000006719100000)]
  0x00000205b191d800 JavaThread "Service Thread" daemon [_thread_blocked, id=9756, stack(0x0000006719100000,0x0000006719200000)]
  0x00000205b3d8b000 JavaThread "Java2D Disposer" daemon [_thread_blocked, id=12628, stack(0x000000671a000000,0x000000671a100000)]
  0x00000205b3d8c000 JavaThread "AWT-Shutdown" [_thread_blocked, id=19764, stack(0x000000671a100000,0x000000671a200000)]
  0x00000205b3d89800 JavaThread "AWT-Windows" daemon [_thread_in_native, id=26880, stack(0x000000671a200000,0x000000671a300000)]
  0x00000205b4cdf800 JavaThread "Keep-Alive-Timer" daemon [_thread_blocked, id=14768, stack(0x0000006718f00000,0x0000006719000000)]
  0x00000205b4ce0000 JavaThread "pool-1-thread-1" [_thread_in_native, id=26684, stack(0x000000671a500000,0x000000671a600000)]

Other Threads:
  0x00000205b0b86000 VMThread "VM Thread" [stack: 0x0000006718600000,0x0000006718700000] [id=10632]
  0x00000205b191f800 WatcherThread [stack: 0x0000006719200000,0x0000006719300000] [id=17760]
  0x000002058cab7800 GCTaskThread "GC Thread#0" [stack: 0x0000006718100000,0x0000006718200000] [id=25112]
  0x00000205b25c8000 GCTaskThread "GC Thread#1" [stack: 0x000000671a600000,0x000000671a700000] [id=26540]
  0x00000205b25e8800 GCTaskThread "GC Thread#2" [stack: 0x000000671a700000,0x000000671a800000] [id=14108]
  0x00000205b1ecd800 GCTaskThread "GC Thread#3" [stack: 0x000000671a800000,0x000000671a900000] [id=23084]
  0x00000205b1ecf000 GCTaskThread "GC Thread#4" [stack: 0x000000671a900000,0x000000671aa00000] [id=23676]
  0x00000205b1ecf800 GCTaskThread "GC Thread#5" [stack: 0x000000671aa00000,0x000000671ab00000] [id=20896]
  0x00000205b48d9000 GCTaskThread "GC Thread#6" [stack: 0x0000006719b00000,0x0000006719c00000] [id=18544]
  0x00000205b29fe000 GCTaskThread "GC Thread#7" [stack: 0x0000006719c00000,0x0000006719d00000] [id=16892]
  0x000002058cb16000 ConcurrentGCThread "G1 Main Marker" [stack: 0x0000006718200000,0x0000006718300000] [id=24856]
  0x000002058cb18800 ConcurrentGCThread "G1 Conc#0" [stack: 0x0000006718300000,0x0000006718400000] [id=27096]
  0x00000205b2a43000 ConcurrentGCThread "G1 Conc#1" [stack: 0x0000006719d00000,0x0000006719e00000] [id=14244]
  0x00000205b29eb800 ConcurrentGCThread "G1 Conc#2" [stack: 0x0000006719e00000,0x0000006719f00000] [id=10044]
  0x00000205b0a64800 ConcurrentGCThread "G1 Refine#0" [stack: 0x0000006718400000,0x0000006718500000] [id=14488]
  0x00000205b3f09800 ConcurrentGCThread "G1 Refine#1" [stack: 0x0000006719300000,0x0000006719400000] [id=23156]
  0x00000205b3c1e000 ConcurrentGCThread "G1 Refine#2" [stack: 0x0000006719400000,0x0000006719500000] [id=7156]
  0x00000205b4602800 ConcurrentGCThread "G1 Refine#3" [stack: 0x0000006719500000,0x0000006719600000] [id=23400]
  0x00000205b3cd0000 ConcurrentGCThread "G1 Refine#4" [stack: 0x0000006719600000,0x0000006719700000] [id=18784]
  0x00000205b3f91000 ConcurrentGCThread "G1 Refine#5" [stack: 0x0000006719700000,0x0000006719800000] [id=22248]
  0x00000205b3f91800 ConcurrentGCThread "G1 Refine#6" [stack: 0x0000006719800000,0x0000006719900000] [id=17036]
  0x00000205b3c1a000 ConcurrentGCThread "G1 Refine#7" [stack: 0x0000006719900000,0x0000006719a00000] [id=15676]
  0x00000205b3c1a800 ConcurrentGCThread "G1 Refine#8" [stack: 0x0000006719a00000,0x0000006719b00000] [id=25640]
  0x00000205b31fa800 ConcurrentGCThread "G1 Refine#9" [stack: 0x0000006719f00000,0x000000671a000000] [id=7592]
  0x00000205b0a65800 ConcurrentGCThread "G1 Young RemSet Sampling" [stack: 0x0000006718500000,0x0000006718600000] [id=25160]

Threads with active compile tasks:

VM state:not at safepoint (normal execution)

VM Mutex/Monitor currently owned by a thread: None

Heap address: 0x0000000701200000, size: 4078 MB, Compressed Oops mode: Zero based, Oop shift amount: 3
Narrow klass base: 0x0000000800000000, Narrow klass shift: 0
Compressed class space size: 1073741824 Address: 0x0000000800000000

Heap:
 garbage-first heap   total 365568K, used 113238K [0x0000000701200000, 0x0000000800000000)
  region size 1024K, 21 young (21504K), 5 survivors (5120K)
 Metaspace       used 25945K, capacity 26649K, committed 26800K, reserved 1073152K
  class space    used 2522K, capacity 2772K, committed 2816K, reserved 1048576K
Heap Regions: E=young(eden), S=young(survivor), O=old, HS=humongous(starts), HC=humongous(continues), CS=collection set, F=free, A=archive, TAMS=top-at-mark-start (previous, next)
|   0|0x0000000701200000, 0x0000000701300000, 0x0000000701300000|100%| O|  |TAMS 0x0000000701300000, 0x0000000701200000| Untracked 
|   1|0x0000000701300000, 0x0000000701400000, 0x0000000701400000|100%| O|  |TAMS 0x0000000701400000, 0x0000000701300000| Untracked 
|   2|0x0000000701400000, 0x0000000701500000, 0x0000000701500000|100%| O|  |TAMS 0x0000000701500000, 0x0000000701400000| Untracked 
|   3|0x0000000701500000, 0x0000000701600000, 0x0000000701600000|100%| O|  |TAMS 0x0000000701600000, 0x0000000701500000| Untracked 
|   4|0x0000000701600000, 0x0000000701700000, 0x0000000701700000|100%| O|  |TAMS 0x0000000701700000, 0x0000000701600000| Untracked 
|   5|0x0000000701700000, 0x0000000701800000, 0x0000000701800000|100%| O|  |TAMS 0x0000000701800000, 0x0000000701700000| Untracked 
|   6|0x0000000701800000, 0x0000000701900000, 0x0000000701900000|100%| O|  |TAMS 0x0000000701900000, 0x0000000701800000| Untracked 
|   7|0x0000000701900000, 0x0000000701a00000, 0x0000000701a00000|100%| O|  |TAMS 0x0000000701a00000, 0x0000000701900000| Untracked 
|   8|0x0000000701a00000, 0x0000000701b00000, 0x0000000701b00000|100%| O|  |TAMS 0x0000000701b00000, 0x0000000701a00000| Untracked 
|   9|0x0000000701b00000, 0x0000000701c00000, 0x0000000701c00000|100%| O|  |TAMS 0x0000000701c00000, 0x0000000701b00000| Untracked 
|  10|0x0000000701c00000, 0x0000000701d00000, 0x0000000701d00000|100%| O|  |TAMS 0x0000000701d00000, 0x0000000701c00000| Untracked 
|  11|0x0000000701d00000, 0x0000000701e00000, 0x0000000701e00000|100%| O|  |TAMS 0x0000000701e00000, 0x0000000701d00000| Untracked 
|  12|0x0000000701e00000, 0x0000000701f00000, 0x0000000701f00000|100%| O|  |TAMS 0x0000000701f00000, 0x0000000701e00000| Untracked 
|  13|0x0000000701f00000, 0x0000000702000000, 0x0000000702000000|100%| O|  |TAMS 0x0000000702000000, 0x0000000701f00000| Untracked 
|  14|0x0000000702000000, 0x0000000702100000, 0x0000000702100000|100%| O|  |TAMS 0x0000000702100000, 0x0000000702000000| Untracked 
|  15|0x0000000702100000, 0x0000000702200000, 0x0000000702200000|100%| O|  |TAMS 0x0000000702200000, 0x0000000702100000| Untracked 
|  16|0x0000000702200000, 0x0000000702300000, 0x0000000702300000|100%| O|  |TAMS 0x0000000702300000, 0x0000000702200000| Untracked 
|  17|0x0000000702300000, 0x0000000702400000, 0x0000000702400000|100%| O|  |TAMS 0x0000000702400000, 0x0000000702300000| Untracked 
|  18|0x0000000702400000, 0x0000000702500000, 0x0000000702500000|100%| O|  |TAMS 0x0000000702500000, 0x0000000702400000| Untracked 
|  19|0x0000000702500000, 0x0000000702600000, 0x0000000702600000|100%| O|  |TAMS 0x0000000702600000, 0x0000000702500000| Untracked 
|  20|0x0000000702600000, 0x0000000702700000, 0x0000000702700000|100%| O|  |TAMS 0x0000000702700000, 0x0000000702600000| Untracked 
|  21|0x0000000702700000, 0x0000000702800000, 0x0000000702800000|100%| O|  |TAMS 0x0000000702800000, 0x0000000702700000| Untracked 
|  22|0x0000000702800000, 0x0000000702900000, 0x0000000702900000|100%| O|  |TAMS 0x0000000702900000, 0x0000000702800000| Untracked 
|  23|0x0000000702900000, 0x0000000702a00000, 0x0000000702a00000|100%| O|  |TAMS 0x0000000702a00000, 0x0000000702900000| Untracked 
|  24|0x0000000702a00000, 0x0000000702b00000, 0x0000000702b00000|100%| O|  |TAMS 0x0000000702b00000, 0x0000000702a00000| Untracked 
|  25|0x0000000702b00000, 0x0000000702c00000, 0x0000000702c00000|100%| O|  |TAMS 0x0000000702c00000, 0x0000000702b00000| Untracked 
|  26|0x0000000702c00000, 0x0000000702d00000, 0x0000000702d00000|100%| O|  |TAMS 0x0000000702d00000, 0x0000000702c00000| Untracked 
|  27|0x0000000702d00000, 0x0000000702e00000, 0x0000000702e00000|100%| O|  |TAMS 0x0000000702e00000, 0x0000000702d00000| Untracked 
|  28|0x0000000702e00000, 0x0000000702f00000, 0x0000000702f00000|100%| O|  |TAMS 0x0000000702f00000, 0x0000000702e00000| Untracked 
|  29|0x0000000702f00000, 0x0000000703000000, 0x0000000703000000|100%| O|  |TAMS 0x0000000703000000, 0x0000000702f00000| Untracked 
|  30|0x0000000703000000, 0x0000000703100000, 0x0000000703100000|100%| O|  |TAMS 0x0000000703100000, 0x0000000703000000| Untracked 
|  31|0x0000000703100000, 0x0000000703200000, 0x0000000703200000|100%| O|  |TAMS 0x0000000703200000, 0x0000000703100000| Untracked 
|  32|0x0000000703200000, 0x0000000703300000, 0x0000000703300000|100%| O|  |TAMS 0x0000000703300000, 0x0000000703200000| Untracked 
|  33|0x0000000703300000, 0x0000000703400000, 0x0000000703400000|100%| O|  |TAMS 0x0000000703400000, 0x0000000703300000| Untracked 
|  34|0x0000000703400000, 0x0000000703500000, 0x0000000703500000|100%| O|  |TAMS 0x0000000703500000, 0x0000000703400000| Untracked 
|  35|0x0000000703500000, 0x0000000703600000, 0x0000000703600000|100%| O|  |TAMS 0x0000000703600000, 0x0000000703500000| Untracked 
|  36|0x0000000703600000, 0x0000000703700000, 0x0000000703700000|100%| O|  |TAMS 0x0000000703700000, 0x0000000703600000| Untracked 
|  37|0x0000000703700000, 0x0000000703800000, 0x0000000703800000|100%| O|  |TAMS 0x0000000703800000, 0x0000000703700000| Untracked 
|  38|0x0000000703800000, 0x0000000703900000, 0x0000000703900000|100%| O|  |TAMS 0x0000000703900000, 0x0000000703800000| Untracked 
|  39|0x0000000703900000, 0x0000000703a00000, 0x0000000703a00000|100%| O|  |TAMS 0x0000000703a00000, 0x0000000703900000| Untracked 
|  40|0x0000000703a00000, 0x0000000703b00000, 0x0000000703b00000|100%| O|  |TAMS 0x0000000703b00000, 0x0000000703a00000| Untracked 
|  41|0x0000000703b00000, 0x0000000703c00000, 0x0000000703c00000|100%| O|  |TAMS 0x0000000703c00000, 0x0000000703b00000| Untracked 
|  42|0x0000000703c00000, 0x0000000703d00000, 0x0000000703d00000|100%| O|  |TAMS 0x0000000703d00000, 0x0000000703c00000| Untracked 
|  43|0x0000000703d00000, 0x0000000703e00000, 0x0000000703e00000|100%| O|  |TAMS 0x0000000703e00000, 0x0000000703d00000| Untracked 
|  44|0x0000000703e00000, 0x0000000703f00000, 0x0000000703f00000|100%| O|  |TAMS 0x0000000703f00000, 0x0000000703e00000| Untracked 
|  45|0x0000000703f00000, 0x0000000704000000, 0x0000000704000000|100%| O|  |TAMS 0x0000000704000000, 0x0000000703f00000| Untracked 
|  46|0x0000000704000000, 0x0000000704100000, 0x0000000704100000|100%| O|  |TAMS 0x0000000704100000, 0x0000000704000000| Untracked 
|  47|0x0000000704100000, 0x0000000704200000, 0x0000000704200000|100%| O|  |TAMS 0x0000000704200000, 0x0000000704100000| Untracked 
|  48|0x0000000704200000, 0x0000000704300000, 0x0000000704300000|100%| O|  |TAMS 0x0000000704300000, 0x0000000704200000| Untracked 
|  49|0x0000000704300000, 0x0000000704400000, 0x0000000704400000|100%| O|  |TAMS 0x0000000704400000, 0x0000000704300000| Untracked 
|  50|0x0000000704400000, 0x0000000704500000, 0x0000000704500000|100%| O|  |TAMS 0x0000000704500000, 0x0000000704400000| Untracked 
|  51|0x0000000704500000, 0x0000000704600000, 0x0000000704600000|100%| O|  |TAMS 0x0000000704600000, 0x0000000704500000| Untracked 
|  52|0x0000000704600000, 0x0000000704700000, 0x0000000704700000|100%| O|  |TAMS 0x0000000704700000, 0x0000000704600000| Untracked 
|  53|0x0000000704700000, 0x0000000704800000, 0x0000000704800000|100%| O|  |TAMS 0x0000000704800000, 0x0000000704700000| Untracked 
|  54|0x0000000704800000, 0x0000000704900000, 0x0000000704900000|100%| O|  |TAMS 0x0000000704900000, 0x0000000704800000| Untracked 
|  55|0x0000000704900000, 0x0000000704a00000, 0x0000000704a00000|100%| O|  |TAMS 0x0000000704a00000, 0x0000000704900000| Untracked 
|  56|0x0000000704a00000, 0x0000000704b00000, 0x0000000704b00000|100%| O|  |TAMS 0x0000000704b00000, 0x0000000704a00000| Untracked 
|  57|0x0000000704b00000, 0x0000000704c00000, 0x0000000704c00000|100%| O|  |TAMS 0x0000000704c00000, 0x0000000704b00000| Untracked 
|  58|0x0000000704c00000, 0x0000000704d00000, 0x0000000704d00000|100%| O|  |TAMS 0x0000000704d00000, 0x0000000704c00000| Untracked 
|  59|0x0000000704d00000, 0x0000000704e00000, 0x0000000704e00000|100%| O|  |TAMS 0x0000000704e00000, 0x0000000704d00000| Untracked 
|  60|0x0000000704e00000, 0x0000000704f00000, 0x0000000704f00000|100%| O|  |TAMS 0x0000000704f00000, 0x0000000704e00000| Untracked 
|  61|0x0000000704f00000, 0x0000000705000000, 0x0000000705000000|100%| O|  |TAMS 0x0000000705000000, 0x0000000704f00000| Untracked 
|  62|0x0000000705000000, 0x0000000705100000, 0x0000000705100000|100%| O|  |TAMS 0x0000000705100000, 0x0000000705000000| Untracked 
|  63|0x0000000705100000, 0x0000000705200000, 0x0000000705200000|100%| O|  |TAMS 0x0000000705200000, 0x0000000705100000| Untracked 
|  64|0x0000000705200000, 0x0000000705300000, 0x0000000705300000|100%| O|  |TAMS 0x0000000705300000, 0x0000000705200000| Untracked 
|  65|0x0000000705300000, 0x0000000705400000, 0x0000000705400000|100%| O|  |TAMS 0x0000000705400000, 0x0000000705300000| Untracked 
|  66|0x0000000705400000, 0x0000000705500000, 0x0000000705500000|100%| O|  |TAMS 0x0000000705500000, 0x0000000705400000| Untracked 
|  67|0x0000000705500000, 0x0000000705600000, 0x0000000705600000|100%| O|  |TAMS 0x0000000705600000, 0x0000000705500000| Untracked 
|  68|0x0000000705600000, 0x0000000705700000, 0x0000000705700000|100%| O|  |TAMS 0x0000000705700000, 0x0000000705600000| Untracked 
|  69|0x0000000705700000, 0x0000000705800000, 0x0000000705800000|100%| O|  |TAMS 0x0000000705800000, 0x0000000705700000| Untracked 
|  70|0x0000000705800000, 0x0000000705900000, 0x0000000705900000|100%| O|  |TAMS 0x0000000705900000, 0x0000000705800000| Untracked 
|  71|0x0000000705900000, 0x0000000705a00000, 0x0000000705a00000|100%| O|  |TAMS 0x0000000705a00000, 0x0000000705900000| Untracked 
|  72|0x0000000705a00000, 0x0000000705b00000, 0x0000000705b00000|100%| O|  |TAMS 0x0000000705b00000, 0x0000000705a00000| Untracked 
|  73|0x0000000705b00000, 0x0000000705c00000, 0x0000000705c00000|100%| O|  |TAMS 0x0000000705c00000, 0x0000000705b00000| Untracked 
|  74|0x0000000705c00000, 0x0000000705d00000, 0x0000000705d00000|100%| O|  |TAMS 0x0000000705d00000, 0x0000000705c00000| Untracked 
|  75|0x0000000705d00000, 0x0000000705e00000, 0x0000000705e00000|100%| O|  |TAMS 0x0000000705e00000, 0x0000000705d00000| Untracked 
|  76|0x0000000705e00000, 0x0000000705f00000, 0x0000000705f00000|100%| O|  |TAMS 0x0000000705f00000, 0x0000000705e00000| Untracked 
|  77|0x0000000705f00000, 0x0000000706000000, 0x0000000706000000|100%| O|  |TAMS 0x0000000705f7de00, 0x0000000705f00000| Untracked 
|  78|0x0000000706000000, 0x0000000706100000, 0x0000000706100000|100%| O|  |TAMS 0x0000000706000000, 0x0000000706000000| Untracked 
|  79|0x0000000706100000, 0x0000000706200000, 0x0000000706200000|100%| O|  |TAMS 0x0000000706100000, 0x0000000706100000| Untracked 
|  80|0x0000000706200000, 0x0000000706300000, 0x0000000706300000|100%| O|  |TAMS 0x0000000706200000, 0x0000000706200000| Untracked 
|  81|0x0000000706300000, 0x0000000706400000, 0x0000000706400000|100%| O|  |TAMS 0x0000000706300000, 0x0000000706300000| Untracked 
|  82|0x0000000706400000, 0x0000000706500000, 0x0000000706500000|100%| O|  |TAMS 0x0000000706400000, 0x0000000706400000| Untracked 
|  83|0x0000000706500000, 0x0000000706600000, 0x0000000706600000|100%| O|  |TAMS 0x0000000706500000, 0x0000000706500000| Untracked 
|  84|0x0000000706600000, 0x0000000706700000, 0x0000000706700000|100%| O|  |TAMS 0x0000000706600000, 0x0000000706600000| Untracked 
|  85|0x0000000706700000, 0x0000000706800000, 0x0000000706800000|100%| O|  |TAMS 0x0000000706700000, 0x0000000706700000| Untracked 
|  86|0x0000000706800000, 0x0000000706900000, 0x0000000706900000|100%| O|  |TAMS 0x0000000706800000, 0x0000000706800000| Untracked 
|  87|0x0000000706900000, 0x0000000706a00000, 0x0000000706a00000|100%| O|  |TAMS 0x0000000706900000, 0x0000000706900000| Untracked 
|  88|0x0000000706a00000, 0x0000000706b00000, 0x0000000706b00000|100%| O|  |TAMS 0x0000000706a00000, 0x0000000706a00000| Untracked 
|  89|0x0000000706b00000, 0x0000000706c00000, 0x0000000706c00000|100%| O|  |TAMS 0x0000000706b00000, 0x0000000706b00000| Untracked 
|  90|0x0000000706c00000, 0x0000000706d00000, 0x0000000706d00000|100%| O|  |TAMS 0x0000000706c00000, 0x0000000706c00000| Untracked 
|  91|0x0000000706d00000, 0x0000000706d95a00, 0x0000000706e00000| 58%| O|  |TAMS 0x0000000706d00000, 0x0000000706d00000| Untracked 
|  92|0x0000000706e00000, 0x0000000706e00000, 0x0000000706f00000|  0%| F|  |TAMS 0x0000000706e00000, 0x0000000706e00000| Untracked 
|  93|0x0000000706f00000, 0x0000000706f00000, 0x0000000707000000|  0%| F|  |TAMS 0x0000000706f00000, 0x0000000706f00000| Untracked 
|  94|0x0000000707000000, 0x0000000707000000, 0x0000000707100000|  0%| F|  |TAMS 0x0000000707000000, 0x0000000707000000| Untracked 
|  95|0x0000000707100000, 0x0000000707100000, 0x0000000707200000|  0%| F|  |TAMS 0x0000000707100000, 0x0000000707100000| Untracked 
|  96|0x0000000707200000, 0x0000000707200000, 0x0000000707300000|  0%| F|  |TAMS 0x0000000707200000, 0x0000000707200000| Untracked 
|  97|0x0000000707300000, 0x0000000707300000, 0x0000000707400000|  0%| F|  |TAMS 0x0000000707300000, 0x0000000707300000| Untracked 
|  98|0x0000000707400000, 0x0000000707400000, 0x0000000707500000|  0%| F|  |TAMS 0x0000000707400000, 0x0000000707400000| Untracked 
|  99|0x0000000707500000, 0x0000000707500000, 0x0000000707600000|  0%| F|  |TAMS 0x0000000707500000, 0x0000000707500000| Untracked 
| 100|0x0000000707600000, 0x0000000707600000, 0x0000000707700000|  0%| F|  |TAMS 0x0000000707600000, 0x0000000707600000| Untracked 
| 101|0x0000000707700000, 0x0000000707700000, 0x0000000707800000|  0%| F|  |TAMS 0x0000000707700000, 0x0000000707700000| Untracked 
| 102|0x0000000707800000, 0x0000000707800000, 0x0000000707900000|  0%| F|  |TAMS 0x0000000707800000, 0x0000000707800000| Untracked 
| 103|0x0000000707900000, 0x0000000707900000, 0x0000000707a00000|  0%| F|  |TAMS 0x0000000707900000, 0x0000000707900000| Untracked 
| 104|0x0000000707a00000, 0x0000000707a00000, 0x0000000707b00000|  0%| F|  |TAMS 0x0000000707a00000, 0x0000000707a00000| Untracked 
| 105|0x0000000707b00000, 0x0000000707b00000, 0x0000000707c00000|  0%| F|  |TAMS 0x0000000707b00000, 0x0000000707b00000| Untracked 
| 106|0x0000000707c00000, 0x0000000707c00000, 0x0000000707d00000|  0%| F|  |TAMS 0x0000000707c00000, 0x0000000707c00000| Untracked 
| 107|0x0000000707d00000, 0x0000000707d00000, 0x0000000707e00000|  0%| F|  |TAMS 0x0000000707d00000, 0x0000000707d00000| Untracked 
| 108|0x0000000707e00000, 0x0000000707e00000, 0x0000000707f00000|  0%| F|  |TAMS 0x0000000707e00000, 0x0000000707e00000| Untracked 
| 109|0x0000000707f00000, 0x0000000707f00000, 0x0000000708000000|  0%| F|  |TAMS 0x0000000707f00000, 0x0000000707f00000| Untracked 
| 110|0x0000000708000000, 0x0000000708000000, 0x0000000708100000|  0%| F|  |TAMS 0x0000000708000000, 0x0000000708000000| Untracked 
| 111|0x0000000708100000, 0x0000000708100000, 0x0000000708200000|  0%| F|  |TAMS 0x0000000708100000, 0x0000000708100000| Untracked 
| 112|0x0000000708200000, 0x0000000708200000, 0x0000000708300000|  0%| F|  |TAMS 0x0000000708200000, 0x0000000708200000| Untracked 
| 113|0x0000000708300000, 0x0000000708300000, 0x0000000708400000|  0%| F|  |TAMS 0x0000000708300000, 0x0000000708300000| Untracked 
| 114|0x0000000708400000, 0x0000000708400000, 0x0000000708500000|  0%| F|  |TAMS 0x0000000708400000, 0x0000000708400000| Untracked 
| 115|0x0000000708500000, 0x0000000708500000, 0x0000000708600000|  0%| F|  |TAMS 0x0000000708500000, 0x0000000708500000| Untracked 
| 116|0x0000000708600000, 0x0000000708600000, 0x0000000708700000|  0%| F|  |TAMS 0x0000000708600000, 0x0000000708600000| Untracked 
| 117|0x0000000708700000, 0x0000000708700000, 0x0000000708800000|  0%| F|  |TAMS 0x0000000708700000, 0x0000000708700000| Untracked 
| 118|0x0000000708800000, 0x0000000708800000, 0x0000000708900000|  0%| F|  |TAMS 0x0000000708800000, 0x0000000708800000| Untracked 
| 119|0x0000000708900000, 0x0000000708900000, 0x0000000708a00000|  0%| F|  |TAMS 0x0000000708900000, 0x0000000708900000| Untracked 
| 120|0x0000000708a00000, 0x0000000708a00000, 0x0000000708b00000|  0%| F|  |TAMS 0x0000000708a00000, 0x0000000708a00000| Untracked 
| 121|0x0000000708b00000, 0x0000000708b00000, 0x0000000708c00000|  0%| F|  |TAMS 0x0000000708b00000, 0x0000000708b00000| Untracked 
| 122|0x0000000708c00000, 0x0000000708c00000, 0x0000000708d00000|  0%| F|  |TAMS 0x0000000708c00000, 0x0000000708c00000| Untracked 
| 123|0x0000000708d00000, 0x0000000708d00000, 0x0000000708e00000|  0%| F|  |TAMS 0x0000000708d00000, 0x0000000708d00000| Untracked 
| 124|0x0000000708e00000, 0x0000000708e00000, 0x0000000708f00000|  0%| F|  |TAMS 0x0000000708e00000, 0x0000000708e00000| Untracked 
| 125|0x0000000708f00000, 0x0000000708f00000, 0x0000000709000000|  0%| F|  |TAMS 0x0000000708f00000, 0x0000000708f00000| Untracked 
| 126|0x0000000709000000, 0x0000000709000000, 0x0000000709100000|  0%| F|  |TAMS 0x0000000709000000, 0x0000000709000000| Untracked 
| 127|0x0000000709100000, 0x0000000709100000, 0x0000000709200000|  0%| F|  |TAMS 0x0000000709100000, 0x0000000709100000| Untracked 
| 128|0x0000000709200000, 0x0000000709200000, 0x0000000709300000|  0%| F|  |TAMS 0x0000000709200000, 0x0000000709200000| Untracked 
| 129|0x0000000709300000, 0x0000000709300000, 0x0000000709400000|  0%| F|  |TAMS 0x0000000709300000, 0x0000000709300000| Untracked 
| 130|0x0000000709400000, 0x0000000709400000, 0x0000000709500000|  0%| F|  |TAMS 0x0000000709400000, 0x0000000709400000| Untracked 
| 131|0x0000000709500000, 0x0000000709500000, 0x0000000709600000|  0%| F|  |TAMS 0x0000000709500000, 0x0000000709500000| Untracked 
| 132|0x0000000709600000, 0x0000000709600000, 0x0000000709700000|  0%| F|  |TAMS 0x0000000709600000, 0x0000000709600000| Untracked 
| 133|0x0000000709700000, 0x0000000709700000, 0x0000000709800000|  0%| F|  |TAMS 0x0000000709700000, 0x0000000709700000| Untracked 
| 134|0x0000000709800000, 0x0000000709800000, 0x0000000709900000|  0%| F|  |TAMS 0x0000000709800000, 0x0000000709800000| Untracked 
| 135|0x0000000709900000, 0x0000000709900000, 0x0000000709a00000|  0%| F|  |TAMS 0x0000000709900000, 0x0000000709900000| Untracked 
| 136|0x0000000709a00000, 0x0000000709a00000, 0x0000000709b00000|  0%| F|  |TAMS 0x0000000709a00000, 0x0000000709a00000| Untracked 
| 137|0x0000000709b00000, 0x0000000709b00000, 0x0000000709c00000|  0%| F|  |TAMS 0x0000000709b00000, 0x0000000709b00000| Untracked 
| 138|0x0000000709c00000, 0x0000000709c00000, 0x0000000709d00000|  0%| F|  |TAMS 0x0000000709c00000, 0x0000000709c00000| Untracked 
| 139|0x0000000709d00000, 0x0000000709d00000, 0x0000000709e00000|  0%| F|  |TAMS 0x0000000709d00000, 0x0000000709d00000| Untracked 
| 140|0x0000000709e00000, 0x0000000709e00000, 0x0000000709f00000|  0%| F|  |TAMS 0x0000000709e00000, 0x0000000709e00000| Untracked 
| 141|0x0000000709f00000, 0x0000000709f00000, 0x000000070a000000|  0%| F|  |TAMS 0x0000000709f00000, 0x0000000709f00000| Untracked 
| 142|0x000000070a000000, 0x000000070a000000, 0x000000070a100000|  0%| F|  |TAMS 0x000000070a000000, 0x000000070a000000| Untracked 
| 143|0x000000070a100000, 0x000000070a100000, 0x000000070a200000|  0%| F|  |TAMS 0x000000070a100000, 0x000000070a100000| Untracked 
| 144|0x000000070a200000, 0x000000070a200000, 0x000000070a300000|  0%| F|  |TAMS 0x000000070a200000, 0x000000070a200000| Untracked 
| 145|0x000000070a300000, 0x000000070a300000, 0x000000070a400000|  0%| F|  |TAMS 0x000000070a300000, 0x000000070a300000| Untracked 
| 146|0x000000070a400000, 0x000000070a400000, 0x000000070a500000|  0%| F|  |TAMS 0x000000070a400000, 0x000000070a400000| Untracked 
| 147|0x000000070a500000, 0x000000070a500000, 0x000000070a600000|  0%| F|  |TAMS 0x000000070a500000, 0x000000070a500000| Untracked 
| 148|0x000000070a600000, 0x000000070a600000, 0x000000070a700000|  0%| F|  |TAMS 0x000000070a600000, 0x000000070a600000| Untracked 
| 149|0x000000070a700000, 0x000000070a700000, 0x000000070a800000|  0%| F|  |TAMS 0x000000070a700000, 0x000000070a700000| Untracked 
| 150|0x000000070a800000, 0x000000070a800000, 0x000000070a900000|  0%| F|  |TAMS 0x000000070a800000, 0x000000070a800000| Untracked 
| 151|0x000000070a900000, 0x000000070a900000, 0x000000070aa00000|  0%| F|  |TAMS 0x000000070a900000, 0x000000070a900000| Untracked 
| 152|0x000000070aa00000, 0x000000070aa00000, 0x000000070ab00000|  0%| F|  |TAMS 0x000000070aa00000, 0x000000070aa00000| Untracked 
| 153|0x000000070ab00000, 0x000000070ab00000, 0x000000070ac00000|  0%| F|  |TAMS 0x000000070ab00000, 0x000000070ab00000| Untracked 
| 154|0x000000070ac00000, 0x000000070ac00000, 0x000000070ad00000|  0%| F|  |TAMS 0x000000070ac00000, 0x000000070ac00000| Untracked 
| 155|0x000000070ad00000, 0x000000070ad00000, 0x000000070ae00000|  0%| F|  |TAMS 0x000000070ad00000, 0x000000070ad00000| Untracked 
| 156|0x000000070ae00000, 0x000000070ae00000, 0x000000070af00000|  0%| F|  |TAMS 0x000000070ae00000, 0x000000070ae00000| Untracked 
| 157|0x000000070af00000, 0x000000070af00000, 0x000000070b000000|  0%| F|  |TAMS 0x000000070af00000, 0x000000070af00000| Untracked 
| 158|0x000000070b000000, 0x000000070b000000, 0x000000070b100000|  0%| F|  |TAMS 0x000000070b000000, 0x000000070b000000| Untracked 
| 159|0x000000070b100000, 0x000000070b100000, 0x000000070b200000|  0%| F|  |TAMS 0x000000070b100000, 0x000000070b100000| Untracked 
| 160|0x000000070b200000, 0x000000070b200000, 0x000000070b300000|  0%| F|  |TAMS 0x000000070b200000, 0x000000070b200000| Untracked 
| 161|0x000000070b300000, 0x000000070b300000, 0x000000070b400000|  0%| F|  |TAMS 0x000000070b300000, 0x000000070b300000| Untracked 
| 162|0x000000070b400000, 0x000000070b400000, 0x000000070b500000|  0%| F|  |TAMS 0x000000070b400000, 0x000000070b400000| Untracked 
| 163|0x000000070b500000, 0x000000070b500000, 0x000000070b600000|  0%| F|  |TAMS 0x000000070b500000, 0x000000070b500000| Untracked 
| 164|0x000000070b600000, 0x000000070b600000, 0x000000070b700000|  0%| F|  |TAMS 0x000000070b600000, 0x000000070b600000| Untracked 
| 165|0x000000070b700000, 0x000000070b700000, 0x000000070b800000|  0%| F|  |TAMS 0x000000070b700000, 0x000000070b700000| Untracked 
| 166|0x000000070b800000, 0x000000070b800000, 0x000000070b900000|  0%| F|  |TAMS 0x000000070b800000, 0x000000070b800000| Untracked 
| 167|0x000000070b900000, 0x000000070b900000, 0x000000070ba00000|  0%| F|  |TAMS 0x000000070b900000, 0x000000070b900000| Untracked 
| 168|0x000000070ba00000, 0x000000070ba00000, 0x000000070bb00000|  0%| F|  |TAMS 0x000000070ba00000, 0x000000070ba00000| Untracked 
| 169|0x000000070bb00000, 0x000000070bb00000, 0x000000070bc00000|  0%| F|  |TAMS 0x000000070bb00000, 0x000000070bb00000| Untracked 
| 170|0x000000070bc00000, 0x000000070bc00000, 0x000000070bd00000|  0%| F|  |TAMS 0x000000070bc00000, 0x000000070bc00000| Untracked 
| 171|0x000000070bd00000, 0x000000070bd00000, 0x000000070be00000|  0%| F|  |TAMS 0x000000070bd00000, 0x000000070bd00000| Untracked 
| 172|0x000000070be00000, 0x000000070be00000, 0x000000070bf00000|  0%| F|  |TAMS 0x000000070be00000, 0x000000070be00000| Untracked 
| 173|0x000000070bf00000, 0x000000070bf00000, 0x000000070c000000|  0%| F|  |TAMS 0x000000070bf00000, 0x000000070bf00000| Untracked 
| 174|0x000000070c000000, 0x000000070c000000, 0x000000070c100000|  0%| F|  |TAMS 0x000000070c000000, 0x000000070c000000| Untracked 
| 175|0x000000070c100000, 0x000000070c100000, 0x000000070c200000|  0%| F|  |TAMS 0x000000070c100000, 0x000000070c100000| Untracked 
| 176|0x000000070c200000, 0x000000070c200000, 0x000000070c300000|  0%| F|  |TAMS 0x000000070c200000, 0x000000070c200000| Untracked 
| 177|0x000000070c300000, 0x000000070c300000, 0x000000070c400000|  0%| F|  |TAMS 0x000000070c300000, 0x000000070c300000| Untracked 
| 178|0x000000070c400000, 0x000000070c400000, 0x000000070c500000|  0%| F|  |TAMS 0x000000070c400000, 0x000000070c400000| Untracked 
| 179|0x000000070c500000, 0x000000070c500000, 0x000000070c600000|  0%| F|  |TAMS 0x000000070c500000, 0x000000070c500000| Untracked 
| 180|0x000000070c600000, 0x000000070c600000, 0x000000070c700000|  0%| F|  |TAMS 0x000000070c600000, 0x000000070c600000| Untracked 
| 181|0x000000070c700000, 0x000000070c700000, 0x000000070c800000|  0%| F|  |TAMS 0x000000070c700000, 0x000000070c700000| Untracked 
| 182|0x000000070c800000, 0x000000070c800000, 0x000000070c900000|  0%| F|  |TAMS 0x000000070c800000, 0x000000070c800000| Untracked 
| 183|0x000000070c900000, 0x000000070c900000, 0x000000070ca00000|  0%| F|  |TAMS 0x000000070c900000, 0x000000070c900000| Untracked 
| 184|0x000000070ca00000, 0x000000070ca00000, 0x000000070cb00000|  0%| F|  |TAMS 0x000000070ca00000, 0x000000070ca00000| Untracked 
| 185|0x000000070cb00000, 0x000000070cb00000, 0x000000070cc00000|  0%| F|  |TAMS 0x000000070cb00000, 0x000000070cb00000| Untracked 
| 186|0x000000070cc00000, 0x000000070cc00000, 0x000000070cd00000|  0%| F|  |TAMS 0x000000070cc00000, 0x000000070cc00000| Untracked 
| 187|0x000000070cd00000, 0x000000070cd00000, 0x000000070ce00000|  0%| F|  |TAMS 0x000000070cd00000, 0x000000070cd00000| Untracked 
| 188|0x000000070ce00000, 0x000000070ce00000, 0x000000070cf00000|  0%| F|  |TAMS 0x000000070ce00000, 0x000000070ce00000| Untracked 
| 189|0x000000070cf00000, 0x000000070cf00000, 0x000000070d000000|  0%| F|  |TAMS 0x000000070cf00000, 0x000000070cf00000| Untracked 
| 190|0x000000070d000000, 0x000000070d000000, 0x000000070d100000|  0%| F|  |TAMS 0x000000070d000000, 0x000000070d000000| Untracked 
| 191|0x000000070d100000, 0x000000070d100000, 0x000000070d200000|  0%| F|  |TAMS 0x000000070d100000, 0x000000070d100000| Untracked 
| 192|0x000000070d200000, 0x000000070d200000, 0x000000070d300000|  0%| F|  |TAMS 0x000000070d200000, 0x000000070d200000| Untracked 
| 193|0x000000070d300000, 0x000000070d300000, 0x000000070d400000|  0%| F|  |TAMS 0x000000070d300000, 0x000000070d300000| Untracked 
| 194|0x000000070d400000, 0x000000070d400000, 0x000000070d500000|  0%| F|  |TAMS 0x000000070d400000, 0x000000070d400000| Untracked 
| 195|0x000000070d500000, 0x000000070d500000, 0x000000070d600000|  0%| F|  |TAMS 0x000000070d500000, 0x000000070d500000| Untracked 
| 196|0x000000070d600000, 0x000000070d600000, 0x000000070d700000|  0%| F|  |TAMS 0x000000070d600000, 0x000000070d600000| Untracked 
| 197|0x000000070d700000, 0x000000070d700000, 0x000000070d800000|  0%| F|  |TAMS 0x000000070d700000, 0x000000070d700000| Untracked 
| 198|0x000000070d800000, 0x000000070d800000, 0x000000070d900000|  0%| F|  |TAMS 0x000000070d800000, 0x000000070d800000| Untracked 
| 199|0x000000070d900000, 0x000000070d900000, 0x000000070da00000|  0%| F|  |TAMS 0x000000070d900000, 0x000000070d900000| Untracked 
| 200|0x000000070da00000, 0x000000070da00000, 0x000000070db00000|  0%| F|  |TAMS 0x000000070da00000, 0x000000070da00000| Untracked 
| 201|0x000000070db00000, 0x000000070db00000, 0x000000070dc00000|  0%| F|  |TAMS 0x000000070db00000, 0x000000070db00000| Untracked 
| 202|0x000000070dc00000, 0x000000070dc00000, 0x000000070dd00000|  0%| F|  |TAMS 0x000000070dc00000, 0x000000070dc00000| Untracked 
| 203|0x000000070dd00000, 0x000000070dd00000, 0x000000070de00000|  0%| F|  |TAMS 0x000000070dd00000, 0x000000070dd00000| Untracked 
| 204|0x000000070de00000, 0x000000070de00000, 0x000000070df00000|  0%| F|  |TAMS 0x000000070de00000, 0x000000070de00000| Untracked 
| 205|0x000000070df00000, 0x000000070df00000, 0x000000070e000000|  0%| F|  |TAMS 0x000000070df00000, 0x000000070df00000| Untracked 
| 206|0x000000070e000000, 0x000000070e000000, 0x000000070e100000|  0%| F|  |TAMS 0x000000070e000000, 0x000000070e000000| Untracked 
| 207|0x000000070e100000, 0x000000070e100000, 0x000000070e200000|  0%| F|  |TAMS 0x000000070e100000, 0x000000070e100000| Untracked 
| 208|0x000000070e200000, 0x000000070e200000, 0x000000070e300000|  0%| F|  |TAMS 0x000000070e200000, 0x000000070e200000| Untracked 
| 209|0x000000070e300000, 0x000000070e300000, 0x000000070e400000|  0%| F|  |TAMS 0x000000070e300000, 0x000000070e300000| Untracked 
| 210|0x000000070e400000, 0x000000070e400000, 0x000000070e500000|  0%| F|  |TAMS 0x000000070e400000, 0x000000070e400000| Untracked 
| 211|0x000000070e500000, 0x000000070e500000, 0x000000070e600000|  0%| F|  |TAMS 0x000000070e500000, 0x000000070e500000| Untracked 
| 212|0x000000070e600000, 0x000000070e600000, 0x000000070e700000|  0%| F|  |TAMS 0x000000070e600000, 0x000000070e600000| Untracked 
| 213|0x000000070e700000, 0x000000070e700000, 0x000000070e800000|  0%| F|  |TAMS 0x000000070e700000, 0x000000070e700000| Untracked 
| 214|0x000000070e800000, 0x000000070e800000, 0x000000070e900000|  0%| F|  |TAMS 0x000000070e800000, 0x000000070e800000| Untracked 
| 215|0x000000070e900000, 0x000000070e900000, 0x000000070ea00000|  0%| F|  |TAMS 0x000000070e900000, 0x000000070e900000| Untracked 
| 216|0x000000070ea00000, 0x000000070ea00000, 0x000000070eb00000|  0%| F|  |TAMS 0x000000070ea00000, 0x000000070ea00000| Untracked 
| 217|0x000000070eb00000, 0x000000070eb00000, 0x000000070ec00000|  0%| F|  |TAMS 0x000000070eb00000, 0x000000070eb00000| Untracked 
| 218|0x000000070ec00000, 0x000000070ec00000, 0x000000070ed00000|  0%| F|  |TAMS 0x000000070ec00000, 0x000000070ec00000| Untracked 
| 219|0x000000070ed00000, 0x000000070ed00000, 0x000000070ee00000|  0%| F|  |TAMS 0x000000070ed00000, 0x000000070ed00000| Untracked 
| 220|0x000000070ee00000, 0x000000070ee00000, 0x000000070ef00000|  0%| F|  |TAMS 0x000000070ee00000, 0x000000070ee00000| Untracked 
| 221|0x000000070ef00000, 0x000000070ef00000, 0x000000070f000000|  0%| F|  |TAMS 0x000000070ef00000, 0x000000070ef00000| Untracked 
| 222|0x000000070f000000, 0x000000070f000000, 0x000000070f100000|  0%| F|  |TAMS 0x000000070f000000, 0x000000070f000000| Untracked 
| 223|0x000000070f100000, 0x000000070f100000, 0x000000070f200000|  0%| F|  |TAMS 0x000000070f100000, 0x000000070f100000| Untracked 
| 224|0x000000070f200000, 0x000000070f200000, 0x000000070f300000|  0%| F|  |TAMS 0x000000070f200000, 0x000000070f200000| Untracked 
| 225|0x000000070f300000, 0x000000070f300000, 0x000000070f400000|  0%| F|  |TAMS 0x000000070f300000, 0x000000070f300000| Untracked 
| 226|0x000000070f400000, 0x000000070f400000, 0x000000070f500000|  0%| F|  |TAMS 0x000000070f400000, 0x000000070f400000| Untracked 
| 227|0x000000070f500000, 0x000000070f500000, 0x000000070f600000|  0%| F|  |TAMS 0x000000070f500000, 0x000000070f500000| Untracked 
| 228|0x000000070f600000, 0x000000070f600000, 0x000000070f700000|  0%| F|  |TAMS 0x000000070f600000, 0x000000070f600000| Untracked 
| 229|0x000000070f700000, 0x000000070f700000, 0x000000070f800000|  0%| F|  |TAMS 0x000000070f700000, 0x000000070f700000| Untracked 
| 230|0x000000070f800000, 0x000000070f800000, 0x000000070f900000|  0%| F|  |TAMS 0x000000070f800000, 0x000000070f800000| Untracked 
| 231|0x000000070f900000, 0x000000070f900000, 0x000000070fa00000|  0%| F|  |TAMS 0x000000070f900000, 0x000000070f900000| Untracked 
| 232|0x000000070fa00000, 0x000000070fa00000, 0x000000070fb00000|  0%| F|  |TAMS 0x000000070fa00000, 0x000000070fa00000| Untracked 
| 233|0x000000070fb00000, 0x000000070fb00000, 0x000000070fc00000|  0%| F|  |TAMS 0x000000070fb00000, 0x000000070fb00000| Untracked 
| 234|0x000000070fc00000, 0x000000070fc00000, 0x000000070fd00000|  0%| F|  |TAMS 0x000000070fc00000, 0x000000070fc00000| Untracked 
| 235|0x000000070fd00000, 0x000000070fd00000, 0x000000070fe00000|  0%| F|  |TAMS 0x000000070fd00000, 0x000000070fd00000| Untracked 
| 236|0x000000070fe00000, 0x000000070fe00000, 0x000000070ff00000|  0%| F|  |TAMS 0x000000070fe00000, 0x000000070fe00000| Untracked 
| 237|0x000000070ff00000, 0x000000070ff00000, 0x0000000710000000|  0%| F|  |TAMS 0x000000070ff00000, 0x000000070ff00000| Untracked 
| 238|0x0000000710000000, 0x0000000710000000, 0x0000000710100000|  0%| F|  |TAMS 0x0000000710000000, 0x0000000710000000| Untracked 
| 239|0x0000000710100000, 0x0000000710100000, 0x0000000710200000|  0%| F|  |TAMS 0x0000000710100000, 0x0000000710100000| Untracked 
| 240|0x0000000710200000, 0x0000000710200000, 0x0000000710300000|  0%| F|  |TAMS 0x0000000710200000, 0x0000000710200000| Untracked 
| 241|0x0000000710300000, 0x0000000710300000, 0x0000000710400000|  0%| F|  |TAMS 0x0000000710300000, 0x0000000710300000| Untracked 
| 242|0x0000000710400000, 0x0000000710400000, 0x0000000710500000|  0%| F|  |TAMS 0x0000000710400000, 0x0000000710400000| Untracked 
| 243|0x0000000710500000, 0x0000000710500000, 0x0000000710600000|  0%| F|  |TAMS 0x0000000710500000, 0x0000000710500000| Untracked 
| 244|0x0000000710600000, 0x0000000710600000, 0x0000000710700000|  0%| F|  |TAMS 0x0000000710600000, 0x0000000710600000| Untracked 
| 245|0x0000000710700000, 0x0000000710700000, 0x0000000710800000|  0%| F|  |TAMS 0x0000000710700000, 0x0000000710700000| Untracked 
| 246|0x0000000710800000, 0x0000000710800000, 0x0000000710900000|  0%| F|  |TAMS 0x0000000710800000, 0x0000000710800000| Untracked 
| 247|0x0000000710900000, 0x0000000710900000, 0x0000000710a00000|  0%| F|  |TAMS 0x0000000710900000, 0x0000000710900000| Untracked 
| 248|0x0000000710a00000, 0x0000000710a00000, 0x0000000710b00000|  0%| F|  |TAMS 0x0000000710a00000, 0x0000000710a00000| Untracked 
| 249|0x0000000710b00000, 0x0000000710b00000, 0x0000000710c00000|  0%| F|  |TAMS 0x0000000710b00000, 0x0000000710b00000| Untracked 
| 250|0x0000000710c00000, 0x0000000710c00000, 0x0000000710d00000|  0%| F|  |TAMS 0x0000000710c00000, 0x0000000710c00000| Untracked 
| 251|0x0000000710d00000, 0x0000000710d00000, 0x0000000710e00000|  0%| F|  |TAMS 0x0000000710d00000, 0x0000000710d00000| Untracked 
| 252|0x0000000710e00000, 0x0000000710e00000, 0x0000000710f00000|  0%| F|  |TAMS 0x0000000710e00000, 0x0000000710e00000| Untracked 
| 253|0x0000000710f00000, 0x0000000710f00000, 0x0000000711000000|  0%| F|  |TAMS 0x0000000710f00000, 0x0000000710f00000| Untracked 
| 254|0x0000000711000000, 0x0000000711000000, 0x0000000711100000|  0%| F|  |TAMS 0x0000000711000000, 0x0000000711000000| Untracked 
| 255|0x0000000711100000, 0x0000000711100000, 0x0000000711200000|  0%| F|  |TAMS 0x0000000711100000, 0x0000000711100000| Untracked 
| 256|0x0000000711200000, 0x0000000711200000, 0x0000000711300000|  0%| F|  |TAMS 0x0000000711200000, 0x0000000711200000| Untracked 
| 257|0x0000000711300000, 0x0000000711300000, 0x0000000711400000|  0%| F|  |TAMS 0x0000000711300000, 0x0000000711300000| Untracked 
| 258|0x0000000711400000, 0x0000000711400000, 0x0000000711500000|  0%| F|  |TAMS 0x0000000711400000, 0x0000000711400000| Untracked 
| 259|0x0000000711500000, 0x0000000711500000, 0x0000000711600000|  0%| F|  |TAMS 0x0000000711500000, 0x0000000711500000| Untracked 
| 260|0x0000000711600000, 0x0000000711600000, 0x0000000711700000|  0%| F|  |TAMS 0x0000000711600000, 0x0000000711600000| Untracked 
| 261|0x0000000711700000, 0x0000000711700000, 0x0000000711800000|  0%| F|  |TAMS 0x0000000711700000, 0x0000000711700000| Untracked 
| 262|0x0000000711800000, 0x0000000711800000, 0x0000000711900000|  0%| F|  |TAMS 0x0000000711800000, 0x0000000711800000| Untracked 
| 263|0x0000000711900000, 0x0000000711900000, 0x0000000711a00000|  0%| F|  |TAMS 0x0000000711900000, 0x0000000711900000| Untracked 
| 264|0x0000000711a00000, 0x0000000711a00000, 0x0000000711b00000|  0%| F|  |TAMS 0x0000000711a00000, 0x0000000711a00000| Untracked 
| 265|0x0000000711b00000, 0x0000000711b00000, 0x0000000711c00000|  0%| F|  |TAMS 0x0000000711b00000, 0x0000000711b00000| Untracked 
| 266|0x0000000711c00000, 0x0000000711c00000, 0x0000000711d00000|  0%| F|  |TAMS 0x0000000711c00000, 0x0000000711c00000| Untracked 
| 267|0x0000000711d00000, 0x0000000711d00000, 0x0000000711e00000|  0%| F|  |TAMS 0x0000000711d00000, 0x0000000711d00000| Untracked 
| 268|0x0000000711e00000, 0x0000000711e00000, 0x0000000711f00000|  0%| F|  |TAMS 0x0000000711e00000, 0x0000000711e00000| Untracked 
| 269|0x0000000711f00000, 0x0000000711f00000, 0x0000000712000000|  0%| F|  |TAMS 0x0000000711f00000, 0x0000000711f00000| Untracked 
| 270|0x0000000712000000, 0x0000000712000000, 0x0000000712100000|  0%| F|  |TAMS 0x0000000712000000, 0x0000000712000000| Untracked 
| 271|0x0000000712100000, 0x0000000712100000, 0x0000000712200000|  0%| F|  |TAMS 0x0000000712100000, 0x0000000712100000| Untracked 
| 272|0x0000000712200000, 0x0000000712200000, 0x0000000712300000|  0%| F|  |TAMS 0x0000000712200000, 0x0000000712200000| Untracked 
| 273|0x0000000712300000, 0x0000000712300000, 0x0000000712400000|  0%| F|  |TAMS 0x0000000712300000, 0x0000000712300000| Untracked 
| 274|0x0000000712400000, 0x0000000712400000, 0x0000000712500000|  0%| F|  |TAMS 0x0000000712400000, 0x0000000712400000| Untracked 
| 275|0x0000000712500000, 0x0000000712500000, 0x0000000712600000|  0%| F|  |TAMS 0x0000000712500000, 0x0000000712500000| Untracked 
| 276|0x0000000712600000, 0x0000000712600000, 0x0000000712700000|  0%| F|  |TAMS 0x0000000712600000, 0x0000000712600000| Untracked 
| 277|0x0000000712700000, 0x0000000712700000, 0x0000000712800000|  0%| F|  |TAMS 0x0000000712700000, 0x0000000712700000| Untracked 
| 278|0x0000000712800000, 0x0000000712800000, 0x0000000712900000|  0%| F|  |TAMS 0x0000000712800000, 0x0000000712800000| Untracked 
| 279|0x0000000712900000, 0x0000000712900000, 0x0000000712a00000|  0%| F|  |TAMS 0x0000000712900000, 0x0000000712900000| Untracked 
| 280|0x0000000712a00000, 0x0000000712a00000, 0x0000000712b00000|  0%| F|  |TAMS 0x0000000712a00000, 0x0000000712a00000| Untracked 
| 281|0x0000000712b00000, 0x0000000712b00000, 0x0000000712c00000|  0%| F|  |TAMS 0x0000000712b00000, 0x0000000712b00000| Untracked 
| 282|0x0000000712c00000, 0x0000000712c00000, 0x0000000712d00000|  0%| F|  |TAMS 0x0000000712c00000, 0x0000000712c00000| Untracked 
| 283|0x0000000712d00000, 0x0000000712d00000, 0x0000000712e00000|  0%| F|  |TAMS 0x0000000712d00000, 0x0000000712d00000| Untracked 
| 284|0x0000000712e00000, 0x0000000712e00000, 0x0000000712f00000|  0%| F|  |TAMS 0x0000000712e00000, 0x0000000712e00000| Untracked 
| 285|0x0000000712f00000, 0x0000000712f00000, 0x0000000713000000|  0%| F|  |TAMS 0x0000000712f00000, 0x0000000712f00000| Untracked 
| 286|0x0000000713000000, 0x0000000713000000, 0x0000000713100000|  0%| F|  |TAMS 0x0000000713000000, 0x0000000713000000| Untracked 
| 287|0x0000000713100000, 0x0000000713100000, 0x0000000713200000|  0%| F|  |TAMS 0x0000000713100000, 0x0000000713100000| Untracked 
| 288|0x0000000713200000, 0x0000000713200000, 0x0000000713300000|  0%| F|  |TAMS 0x0000000713200000, 0x0000000713200000| Untracked 
| 289|0x0000000713300000, 0x0000000713300000, 0x0000000713400000|  0%| F|  |TAMS 0x0000000713300000, 0x0000000713300000| Untracked 
| 290|0x0000000713400000, 0x0000000713400000, 0x0000000713500000|  0%| F|  |TAMS 0x0000000713400000, 0x0000000713400000| Untracked 
| 291|0x0000000713500000, 0x0000000713500000, 0x0000000713600000|  0%| F|  |TAMS 0x0000000713500000, 0x0000000713500000| Untracked 
| 292|0x0000000713600000, 0x0000000713600000, 0x0000000713700000|  0%| F|  |TAMS 0x0000000713600000, 0x0000000713600000| Untracked 
| 293|0x0000000713700000, 0x0000000713700000, 0x0000000713800000|  0%| F|  |TAMS 0x0000000713700000, 0x0000000713700000| Untracked 
| 294|0x0000000713800000, 0x0000000713800000, 0x0000000713900000|  0%| F|  |TAMS 0x0000000713800000, 0x0000000713800000| Untracked 
| 295|0x0000000713900000, 0x0000000713900000, 0x0000000713a00000|  0%| F|  |TAMS 0x0000000713900000, 0x0000000713900000| Untracked 
| 296|0x0000000713a00000, 0x0000000713a00000, 0x0000000713b00000|  0%| F|  |TAMS 0x0000000713a00000, 0x0000000713a00000| Untracked 
| 297|0x0000000713b00000, 0x0000000713b00000, 0x0000000713c00000|  0%| F|  |TAMS 0x0000000713b00000, 0x0000000713b00000| Untracked 
| 298|0x0000000713c00000, 0x0000000713c00000, 0x0000000713d00000|  0%| F|  |TAMS 0x0000000713c00000, 0x0000000713c00000| Untracked 
| 299|0x0000000713d00000, 0x0000000713d00000, 0x0000000713e00000|  0%| F|  |TAMS 0x0000000713d00000, 0x0000000713d00000| Untracked 
| 300|0x0000000713e00000, 0x0000000713e00000, 0x0000000713f00000|  0%| F|  |TAMS 0x0000000713e00000, 0x0000000713e00000| Untracked 
| 301|0x0000000713f00000, 0x0000000713f00000, 0x0000000714000000|  0%| F|  |TAMS 0x0000000713f00000, 0x0000000713f00000| Untracked 
| 302|0x0000000714000000, 0x0000000714000000, 0x0000000714100000|  0%| F|  |TAMS 0x0000000714000000, 0x0000000714000000| Untracked 
| 303|0x0000000714100000, 0x0000000714100000, 0x0000000714200000|  0%| F|  |TAMS 0x0000000714100000, 0x0000000714100000| Untracked 
| 304|0x0000000714200000, 0x0000000714200000, 0x0000000714300000|  0%| F|  |TAMS 0x0000000714200000, 0x0000000714200000| Untracked 
| 305|0x0000000714300000, 0x0000000714300000, 0x0000000714400000|  0%| F|  |TAMS 0x0000000714300000, 0x0000000714300000| Untracked 
| 306|0x0000000714400000, 0x0000000714400000, 0x0000000714500000|  0%| F|  |TAMS 0x0000000714400000, 0x0000000714400000| Untracked 
| 307|0x0000000714500000, 0x0000000714500000, 0x0000000714600000|  0%| F|  |TAMS 0x0000000714500000, 0x0000000714500000| Untracked 
| 308|0x0000000714600000, 0x0000000714600000, 0x0000000714700000|  0%| F|  |TAMS 0x0000000714600000, 0x0000000714600000| Untracked 
| 309|0x0000000714700000, 0x0000000714700000, 0x0000000714800000|  0%| F|  |TAMS 0x0000000714700000, 0x0000000714700000| Untracked 
| 310|0x0000000714800000, 0x0000000714800000, 0x0000000714900000|  0%| F|  |TAMS 0x0000000714800000, 0x0000000714800000| Untracked 
| 311|0x0000000714900000, 0x0000000714900000, 0x0000000714a00000|  0%| F|  |TAMS 0x0000000714900000, 0x0000000714900000| Untracked 
| 312|0x0000000714a00000, 0x0000000714b00000, 0x0000000714b00000|100%| S|CS|TAMS 0x0000000714a00000, 0x0000000714a00000| Complete 
| 313|0x0000000714b00000, 0x0000000714c00000, 0x0000000714c00000|100%| S|CS|TAMS 0x0000000714b00000, 0x0000000714b00000| Complete 
| 314|0x0000000714c00000, 0x0000000714d00000, 0x0000000714d00000|100%| S|CS|TAMS 0x0000000714c00000, 0x0000000714c00000| Complete 
| 315|0x0000000714d00000, 0x0000000714e00000, 0x0000000714e00000|100%| S|CS|TAMS 0x0000000714d00000, 0x0000000714d00000| Complete 
| 316|0x0000000714e00000, 0x0000000714f00000, 0x0000000714f00000|100%| S|CS|TAMS 0x0000000714e00000, 0x0000000714e00000| Complete 
| 317|0x0000000714f00000, 0x0000000714f00000, 0x0000000715000000|  0%| F|  |TAMS 0x0000000714f00000, 0x0000000714f00000| Untracked 
| 318|0x0000000715000000, 0x0000000715000000, 0x0000000715100000|  0%| F|  |TAMS 0x0000000715000000, 0x0000000715000000| Untracked 
| 319|0x0000000715100000, 0x0000000715100000, 0x0000000715200000|  0%| F|  |TAMS 0x0000000715100000, 0x0000000715100000| Untracked 
| 320|0x0000000715200000, 0x0000000715200000, 0x0000000715300000|  0%| F|  |TAMS 0x0000000715200000, 0x0000000715200000| Untracked 
| 321|0x0000000715300000, 0x0000000715300000, 0x0000000715400000|  0%| F|  |TAMS 0x0000000715300000, 0x0000000715300000| Untracked 
| 322|0x0000000715400000, 0x0000000715400000, 0x0000000715500000|  0%| F|  |TAMS 0x0000000715400000, 0x0000000715400000| Untracked 
| 323|0x0000000715500000, 0x0000000715500000, 0x0000000715600000|  0%| F|  |TAMS 0x0000000715500000, 0x0000000715500000| Untracked 
| 324|0x0000000715600000, 0x0000000715600000, 0x0000000715700000|  0%| F|  |TAMS 0x0000000715600000, 0x0000000715600000| Untracked 
| 325|0x0000000715700000, 0x0000000715700000, 0x0000000715800000|  0%| F|  |TAMS 0x0000000715700000, 0x0000000715700000| Untracked 
| 326|0x0000000715800000, 0x0000000715800000, 0x0000000715900000|  0%| F|  |TAMS 0x0000000715800000, 0x0000000715800000| Untracked 
| 327|0x0000000715900000, 0x0000000715900000, 0x0000000715a00000|  0%| F|  |TAMS 0x0000000715900000, 0x0000000715900000| Untracked 
| 328|0x0000000715a00000, 0x0000000715a00000, 0x0000000715b00000|  0%| F|  |TAMS 0x0000000715a00000, 0x0000000715a00000| Untracked 
| 329|0x0000000715b00000, 0x0000000715b00000, 0x0000000715c00000|  0%| F|  |TAMS 0x0000000715b00000, 0x0000000715b00000| Untracked 
| 330|0x0000000715c00000, 0x0000000715c00000, 0x0000000715d00000|  0%| F|  |TAMS 0x0000000715c00000, 0x0000000715c00000| Untracked 
| 331|0x0000000715d00000, 0x0000000715d00000, 0x0000000715e00000|  0%| F|  |TAMS 0x0000000715d00000, 0x0000000715d00000| Untracked 
| 332|0x0000000715e00000, 0x0000000715e00000, 0x0000000715f00000|  0%| F|  |TAMS 0x0000000715e00000, 0x0000000715e00000| Untracked 
| 333|0x0000000715f00000, 0x0000000715f00000, 0x0000000716000000|  0%| F|  |TAMS 0x0000000715f00000, 0x0000000715f00000| Untracked 
| 334|0x0000000716000000, 0x0000000716000000, 0x0000000716100000|  0%| F|  |TAMS 0x0000000716000000, 0x0000000716000000| Untracked 
| 335|0x0000000716100000, 0x0000000716100000, 0x0000000716200000|  0%| F|  |TAMS 0x0000000716100000, 0x0000000716100000| Untracked 
| 336|0x0000000716200000, 0x0000000716200000, 0x0000000716300000|  0%| F|  |TAMS 0x0000000716200000, 0x0000000716200000| Untracked 
| 337|0x0000000716300000, 0x0000000716300000, 0x0000000716400000|  0%| F|  |TAMS 0x0000000716300000, 0x0000000716300000| Untracked 
| 338|0x0000000716400000, 0x0000000716400000, 0x0000000716500000|  0%| F|  |TAMS 0x0000000716400000, 0x0000000716400000| Untracked 
| 339|0x0000000716500000, 0x0000000716500000, 0x0000000716600000|  0%| F|  |TAMS 0x0000000716500000, 0x0000000716500000| Untracked 
| 340|0x0000000716600000, 0x0000000716600000, 0x0000000716700000|  0%| F|  |TAMS 0x0000000716600000, 0x0000000716600000| Untracked 
| 341|0x0000000716700000, 0x0000000716800000, 0x0000000716800000|100%| E|  |TAMS 0x0000000716700000, 0x0000000716700000| Complete 
| 342|0x0000000716800000, 0x0000000716900000, 0x0000000716900000|100%| E|CS|TAMS 0x0000000716800000, 0x0000000716800000| Complete 
| 343|0x0000000716900000, 0x0000000716a00000, 0x0000000716a00000|100%| E|  |TAMS 0x0000000716900000, 0x0000000716900000| Complete 
| 344|0x0000000716a00000, 0x0000000716b00000, 0x0000000716b00000|100%| E|CS|TAMS 0x0000000716a00000, 0x0000000716a00000| Complete 
| 345|0x0000000716b00000, 0x0000000716c00000, 0x0000000716c00000|100%| E|CS|TAMS 0x0000000716b00000, 0x0000000716b00000| Complete 
| 346|0x0000000716c00000, 0x0000000716d00000, 0x0000000716d00000|100%| E|CS|TAMS 0x0000000716c00000, 0x0000000716c00000| Complete 
| 347|0x0000000716d00000, 0x0000000716e00000, 0x0000000716e00000|100%| E|CS|TAMS 0x0000000716d00000, 0x0000000716d00000| Complete 
| 348|0x0000000716e00000, 0x0000000716f00000, 0x0000000716f00000|100%| E|CS|TAMS 0x0000000716e00000, 0x0000000716e00000| Complete 
| 349|0x0000000716f00000, 0x0000000717000000, 0x0000000717000000|100%| E|CS|TAMS 0x0000000716f00000, 0x0000000716f00000| Complete 
| 350|0x0000000717000000, 0x0000000717100000, 0x0000000717100000|100%| E|CS|TAMS 0x0000000717000000, 0x0000000717000000| Complete 
| 351|0x0000000717100000, 0x0000000717200000, 0x0000000717200000|100%| E|CS|TAMS 0x0000000717100000, 0x0000000717100000| Complete 
| 352|0x0000000717200000, 0x0000000717300000, 0x0000000717300000|100%| E|CS|TAMS 0x0000000717200000, 0x0000000717200000| Complete 
| 353|0x0000000717300000, 0x0000000717400000, 0x0000000717400000|100%| E|CS|TAMS 0x0000000717300000, 0x0000000717300000| Complete 
| 354|0x0000000717400000, 0x0000000717500000, 0x0000000717500000|100%| E|CS|TAMS 0x0000000717400000, 0x0000000717400000| Complete 
| 355|0x0000000717500000, 0x0000000717600000, 0x0000000717600000|100%| E|CS|TAMS 0x0000000717500000, 0x0000000717500000| Complete 
| 356|0x0000000717600000, 0x0000000717700000, 0x0000000717700000|100%| E|CS|TAMS 0x0000000717600000, 0x0000000717600000| Complete 

Card table byte_map: [0x00000205a4e60000,0x00000205a5660000] _byte_map_base: 0x00000205a1657000

Marking Bits (Prev, Next): (CMBitMap*) 0x000002058cb05390, (CMBitMap*) 0x000002058cb05358
 Prev Bits: [0x00000205a9e20000, 0x00000205addd8000)
 Next Bits: [0x00000205a5e60000, 0x00000205a9e18000)

Polling page: 0x000002058a8f0000

Metaspace:

Usage:
  Non-class:     23.32 MB capacity,    22.87 MB ( 98%) used,   383.18 KB (  2%) free+waste,    70.75 KB ( <1%) overhead. 
      Class:      2.71 MB capacity,     2.46 MB ( 91%) used,   215.09 KB (  8%) free+waste,    34.38 KB (  1%) overhead. 
       Both:     26.02 MB capacity,    25.34 MB ( 97%) used,   598.27 KB (  2%) free+waste,   105.13 KB ( <1%) overhead. 

Virtual space:
  Non-class space:       24.00 MB reserved,      23.42 MB ( 98%) committed 
      Class space:        1.00 GB reserved,       2.75 MB ( <1%) committed 
             Both:        1.02 GB reserved,      26.17 MB (  2%) committed 

Chunk freelists:
   Non-Class:  107.00 KB
       Class:  12.00 KB
        Both:  119.00 KB

MaxMetaspaceSize: 17179869184.00 GB
CompressedClassSpaceSize: 1.00 GB

CodeHeap 'non-profiled nmethods': size=120000Kb used=2053Kb max_used=2053Kb free=117946Kb
 bounds [0x000002059cbd0000, 0x000002059ce40000, 0x00000205a4100000]
CodeHeap 'profiled nmethods': size=120000Kb used=7062Kb max_used=7062Kb free=112937Kb
 bounds [0x00000205956a0000, 0x0000020595d90000, 0x000002059cbd0000]
CodeHeap 'non-nmethods': size=5760Kb used=1218Kb max_used=1244Kb free=4541Kb
 bounds [0x0000020595100000, 0x0000020595370000, 0x00000205956a0000]
 total_blobs=4966 nmethods=3177 adapters=485
 compilation: enabled
              stopped_count=0, restarted_count=0
 full_count=0

Compilation events (20 events):
Event: 2.970 Thread 0x00000205b148a000 nmethod 3168 0x000002059cdcdb10 code [0x000002059cdcdcc0, 0x000002059cdce2d8]
Event: 2.970 Thread 0x00000205b148a000 3159       4       java.lang.reflect.Modifier::isPublic (12 bytes)
Event: 2.970 Thread 0x00000205b148a000 nmethod 3159 0x000002059cdce490 code [0x000002059cdce620, 0x000002059cdce678]
Event: 3.018 Thread 0x00000205b1496800 3177       3       java.lang.String::substring (58 bytes)
Event: 3.019 Thread 0x00000205b1496800 nmethod 3177 0x0000020595d7fc90 code [0x0000020595d7fec0, 0x0000020595d805d0]
Event: 3.019 Thread 0x00000205b1496800 3178       3       java.lang.String::startsWith (7 bytes)
Event: 3.019 Thread 0x00000205b1496800 nmethod 3178 0x0000020595d80810 code [0x0000020595d809c0, 0x0000020595d80b70]
Event: 3.019 Thread 0x00000205b1496800 3180       3       java.util.WeakHashMap::eq (19 bytes)
Event: 3.019 Thread 0x00000205b1496800 nmethod 3180 0x0000020595d80c10 code [0x0000020595d80de0, 0x0000020595d81090]
Event: 3.019 Thread 0x00000205b1496800 3179       1       java.io.File::getPrefixLength (5 bytes)
Event: 3.019 Thread 0x00000205b1496800 nmethod 3179 0x000002059cdce710 code [0x000002059cdce8c0, 0x000002059cdce9d8]
Event: 3.031 Thread 0x00000205b1496800 3181  s!   3       jdk.internal.loader.URLClassPath::getLoader (194 bytes)
Event: 3.031 Thread 0x00000205b1496800 nmethod 3181 0x0000020595d81190 code [0x0000020595d814c0, 0x0000020595d82e00]
Event: 3.052 Thread 0x00000205b148a000 3182       4       java.lang.Integer::getChars (131 bytes)
Event: 3.052 Thread 0x00000205b1496800 3183       3       java.lang.String::regionMatches (150 bytes)
Event: 3.053 Thread 0x00000205b1496800 nmethod 3183 0x0000020595d83690 code [0x0000020595d83900, 0x0000020595d84330]
Event: 3.053 Thread 0x00000205b1496800 3184       3       java.util.WeakHashMap::remove (133 bytes)
Event: 3.054 Thread 0x00000205b1496800 nmethod 3184 0x0000020595d84690 code [0x0000020595d848e0, 0x0000020595d85470]
Event: 3.057 Thread 0x00000205b148a000 nmethod 3182 0x000002059cdcec90 code [0x000002059cdcee40, 0x000002059cdcf278]
Event: 3.057 Thread 0x00000205b148a000 3185   !   4       java.util.zip.ZipFile::getEntry (73 bytes)

GC Heap History (18 events):
Event: 0.435 GC heap before
{Heap before GC invocations=0 (full 0):
 garbage-first heap   total 262144K, used 24576K [0x0000000701200000, 0x0000000800000000)
  region size 1024K, 24 young (24576K), 0 survivors (0K)
 Metaspace       used 12992K, capacity 13212K, committed 13312K, reserved 1060864K
  class space    used 1118K, capacity 1206K, committed 1280K, reserved 1048576K
}
Event: 0.439 GC heap after
{Heap after GC invocations=1 (full 0):
 garbage-first heap   total 262144K, used 3699K [0x0000000701200000, 0x0000000800000000)
  region size 1024K, 3 young (3072K), 3 survivors (3072K)
 Metaspace       used 12992K, capacity 13212K, committed 13312K, reserved 1060864K
  class space    used 1118K, capacity 1206K, committed 1280K, reserved 1048576K
}
Event: 1.533 GC heap before
{Heap before GC invocations=1 (full 0):
 garbage-first heap   total 262144K, used 160371K [0x0000000701200000, 0x0000000800000000)
  region size 1024K, 153 young (156672K), 3 survivors (3072K)
 Metaspace       used 19891K, capacity 20320K, committed 20608K, reserved 1067008K
  class space    used 1920K, capacity 2054K, committed 2176K, reserved 1048576K
}
Event: 1.571 GC heap after
{Heap after GC invocations=2 (full 0):
 garbage-first heap   total 262144K, used 50875K [0x0000000701200000, 0x0000000800000000)
  region size 1024K, 20 young (20480K), 20 survivors (20480K)
 Metaspace       used 19891K, capacity 20320K, committed 20608K, reserved 1067008K
  class space    used 1920K, capacity 2054K, committed 2176K, reserved 1048576K
}
Event: 1.685 GC heap before
{Heap before GC invocations=2 (full 0):
 garbage-first heap   total 262144K, used 87739K [0x0000000701200000, 0x0000000800000000)
  region size 1024K, 57 young (58368K), 20 survivors (20480K)
 Metaspace       used 19954K, capacity 20402K, committed 20608K, reserved 1067008K
  class space    used 1922K, capacity 2057K, committed 2176K, reserved 1048576K
}
Event: 1.709 GC heap after
{Heap after GC invocations=3 (full 0):
 garbage-first heap   total 262144K, used 65536K [0x0000000701200000, 0x0000000800000000)
  region size 1024K, 8 young (8192K), 8 survivors (8192K)
 Metaspace       used 19954K, capacity 20402K, committed 20608K, reserved 1067008K
  class space    used 1922K, capacity 2057K, committed 2176K, reserved 1048576K
}
Event: 1.718 GC heap before
{Heap before GC invocations=3 (full 0):
 garbage-first heap   total 262144K, used 69632K [0x0000000701200000, 0x0000000800000000)
  region size 1024K, 12 young (12288K), 8 survivors (8192K)
 Metaspace       used 19957K, capacity 20402K, committed 20608K, reserved 1067008K
  class space    used 1922K, capacity 2057K, committed 2176K, reserved 1048576K
}
Event: 1.723 GC heap after
{Heap after GC invocations=4 (full 0):
 garbage-first heap   total 262144K, used 68043K [0x0000000701200000, 0x0000000800000000)
  region size 1024K, 2 young (2048K), 2 survivors (2048K)
 Metaspace       used 19957K, capacity 20402K, committed 20608K, reserved 1067008K
  class space    used 1922K, capacity 2057K, committed 2176K, reserved 1048576K
}
Event: 1.747 GC heap before
{Heap before GC invocations=4 (full 0):
 garbage-first heap   total 262144K, used 78283K [0x0000000701200000, 0x0000000800000000)
  region size 1024K, 12 young (12288K), 2 survivors (2048K)
 Metaspace       used 19972K, capacity 20414K, committed 20608K, reserved 1067008K
  class space    used 1923K, capacity 2059K, committed 2176K, reserved 1048576K
}
Event: 1.754 GC heap after
{Heap after GC invocations=5 (full 0):
 garbage-first heap   total 365568K, used 72704K [0x0000000701200000, 0x0000000800000000)
  region size 1024K, 2 young (2048K), 2 survivors (2048K)
 Metaspace       used 19972K, capacity 20414K, committed 20608K, reserved 1067008K
  class space    used 1923K, capacity 2059K, committed 2176K, reserved 1048576K
}
Event: 1.809 GC heap before
{Heap before GC invocations=5 (full 0):
 garbage-first heap   total 365568K, used 88064K [0x0000000701200000, 0x0000000800000000)
  region size 1024K, 17 young (17408K), 2 survivors (2048K)
 Metaspace       used 19995K, capacity 20420K, committed 20608K, reserved 1067008K
  class space    used 1924K, capacity 2060K, committed 2176K, reserved 1048576K
}
Event: 1.814 GC heap after
{Heap after GC invocations=6 (full 0):
 garbage-first heap   total 365568K, used 79128K [0x0000000701200000, 0x0000000800000000)
  region size 1024K, 3 young (3072K), 3 survivors (3072K)
 Metaspace       used 19995K, capacity 20420K, committed 20608K, reserved 1067008K
  class space    used 1924K, capacity 2060K, committed 2176K, reserved 1048576K
}
Event: 2.062 GC heap before
{Heap before GC invocations=6 (full 0):
 garbage-first heap   total 365568K, used 107800K [0x0000000701200000, 0x0000000800000000)
  region size 1024K, 31 young (31744K), 3 survivors (3072K)
 Metaspace       used 20180K, capacity 20598K, committed 20864K, reserved 1069056K
  class space    used 1939K, capacity 2095K, committed 2176K, reserved 1048576K
}
Event: 2.067 GC heap after
{Heap after GC invocations=7 (full 0):
 garbage-first heap   total 365568K, used 81536K [0x0000000701200000, 0x0000000800000000)
  region size 1024K, 3 young (3072K), 3 survivors (3072K)
 Metaspace       used 20180K, capacity 20598K, committed 20864K, reserved 1069056K
  class space    used 1939K, capacity 2095K, committed 2176K, reserved 1048576K
}
Event: 2.103 GC heap before
{Heap before GC invocations=7 (full 0):
 garbage-first heap   total 365568K, used 82560K [0x0000000701200000, 0x0000000800000000)
  region size 1024K, 5 young (5120K), 3 survivors (3072K)
 Metaspace       used 20699K, capacity 21115K, committed 21296K, reserved 1069056K
  class space    used 1971K, capacity 2097K, committed 2176K, reserved 1048576K
}
Event: 2.105 GC heap after
{Heap after GC invocations=8 (full 0):
 garbage-first heap   total 365568K, used 81767K [0x0000000701200000, 0x0000000800000000)
  region size 1024K, 3 young (3072K), 3 survivors (3072K)
 Metaspace       used 20699K, capacity 21115K, committed 21296K, reserved 1069056K
  class space    used 1971K, capacity 2097K, committed 2176K, reserved 1048576K
}
Event: 2.472 GC heap before
{Heap before GC invocations=9 (full 0):
 garbage-first heap   total 365568K, used 119655K [0x0000000701200000, 0x0000000800000000)
  region size 1024K, 40 young (40960K), 3 survivors (3072K)
 Metaspace       used 20814K, capacity 21307K, committed 21552K, reserved 1069056K
  class space    used 1972K, capacity 2097K, committed 2176K, reserved 1048576K
}
Event: 2.489 GC heap after
{Heap after GC invocations=10 (full 0):
 garbage-first heap   total 365568K, used 98902K [0x0000000701200000, 0x0000000800000000)
  region size 1024K, 5 young (5120K), 5 survivors (5120K)
 Metaspace       used 20814K, capacity 21307K, committed 21552K, reserved 1069056K
  class space    used 1972K, capacity 2097K, committed 2176K, reserved 1048576K
}

Deoptimization events (20 events):
Event: 2.904 Thread 0x000002058caa0800 Uncommon trap: trap_request=0xffffff4d fr.pc=0x000002059cc3815c relative=0x000000000000003c
Event: 2.904 Thread 0x000002058caa0800 Uncommon trap: reason=unstable_if action=reinterpret pc=0x000002059cc3815c method=java.util.Arrays.equals([B[B)Z @ 2 c2
Event: 2.904 Thread 0x000002058caa0800 DEOPT PACKING pc=0x000002059cc3815c sp=0x00000067180fdcc0
Event: 2.904 Thread 0x000002058caa0800 DEOPT UNPACKING pc=0x00000205951291af sp=0x00000067180fdc60 mode 2
Event: 2.904 Thread 0x000002058caa0800 Uncommon trap: trap_request=0xffffff4d fr.pc=0x000002059cdb12e0 relative=0x0000000000000780
Event: 2.904 Thread 0x000002058caa0800 Uncommon trap: reason=unstable_if action=reinterpret pc=0x000002059cdb12e0 method=java.lang.Integer.stringSize(I)I @ 3 c2
Event: 2.904 Thread 0x000002058caa0800 DEOPT PACKING pc=0x000002059cdb12e0 sp=0x00000067180fe710
Event: 2.904 Thread 0x000002058caa0800 DEOPT UNPACKING pc=0x00000205951291af sp=0x00000067180fe618 mode 2
Event: 3.015 Thread 0x000002058caa0800 Uncommon trap: trap_request=0xffffff4d fr.pc=0x000002059cc3a59c relative=0x00000000000005dc
Event: 3.015 Thread 0x000002058caa0800 Uncommon trap: reason=unstable_if action=reinterpret pc=0x000002059cc3a59c method=java.lang.StringLatin1.regionMatchesCI([BI[BII)Z @ 66 c2
Event: 3.015 Thread 0x000002058caa0800 DEOPT PACKING pc=0x000002059cc3a59c sp=0x00000067180fe990
Event: 3.015 Thread 0x000002058caa0800 DEOPT UNPACKING pc=0x00000205951291af sp=0x00000067180fe860 mode 2
Event: 3.018 Thread 0x000002058caa0800 Uncommon trap: trap_request=0xffffff4d fr.pc=0x000002059cc1ad28 relative=0x00000000000004e8
Event: 3.018 Thread 0x000002058caa0800 Uncommon trap: reason=unstable_if action=reinterpret pc=0x000002059cc1ad28 method=java.lang.String.substring(II)Ljava/lang/String; @ 31 c2
Event: 3.018 Thread 0x000002058caa0800 DEOPT PACKING pc=0x000002059cc1ad28 sp=0x00000067180feba0
Event: 3.018 Thread 0x000002058caa0800 DEOPT UNPACKING pc=0x00000205951291af sp=0x00000067180feb70 mode 2
Event: 3.018 Thread 0x000002058caa0800 Uncommon trap: trap_request=0xffffff4d fr.pc=0x000002059cc0fd38 relative=0x0000000000000198
Event: 3.018 Thread 0x000002058caa0800 Uncommon trap: reason=unstable_if action=reinterpret pc=0x000002059cc0fd38 method=java.lang.String.startsWith(Ljava/lang/String;I)Z @ 46 c2
Event: 3.018 Thread 0x000002058caa0800 DEOPT PACKING pc=0x000002059cc0fd38 sp=0x00000067180fed60
Event: 3.018 Thread 0x000002058caa0800 DEOPT UNPACKING pc=0x00000205951291af sp=0x00000067180fec70 mode 2

Classes redefined (0 events):
No events

Internal exceptions (20 events):
Event: 0.696 Thread 0x000002058caa0800 Exception <a 'java/lang/ClassNotFoundException'{0x000000070f121518}: org/spectral/asm/core/code/instruction/TABLESWITCH> (0x000000070f121518) thrown at [./src/hotspot/share/classfile/systemDictionary.cpp, line 231]
Event: 2.072 Thread 0x000002058caa0800 Exception <a 'java/lang/NoSuchMethodError'{0x0000000717608428}: 'java.lang.Object java.lang.invoke.DirectMethodHandle$Holder.invokeStatic(java.lang.Object, int, java.lang.Object)'> (0x0000000717608428) thrown at [./src/hotspot/share/interpreter/linkResolver.cpp, line 773]
Event: 2.640 Thread 0x000002058caa0800 Exception <a 'java/lang/ClassNotFoundException'{0x0000000716e08b80}: sun/awt/resources/spi/awtProvider> (0x0000000716e08b80) thrown at [./src/hotspot/share/classfile/systemDictionary.cpp, line 231]
Event: 2.658 Thread 0x000002058caa0800 Exception <a 'java/io/FileNotFoundException'{0x0000000716ea1fc0}> (0x0000000716ea1fc0) thrown at [./src/hotspot/share/prims/jni.cpp, line 615]
Event: 2.666 Thread 0x000002058caa0800 Exception <a 'java/lang/NoSuchMethodError'{0x0000000716efcec8}: 'java.lang.Object java.lang.invoke.DirectMethodHandle$Holder.invokeStatic(java.lang.Object, java.lang.Object, java.lang.Object, java.lang.Object, java.lang.Object, java.lang.Object, java.lang.Object, java.lang.Object, java.lang.Object, java.lang.Object, java.lang.Object, java.lang.Object, java.lang.Object, java.lang.Object, java.lang.Object)'> (0x0000000716efcec8) thrown at [./src/hotspot/share/interpreter/linkResolver.cpp, line 773]
Event: 2.667 Thread 0x000002058caa0800 Exception <a 'java/lang/NoSuchMethodError'{0x0000000716d0af48}: 'java.lang.Object java.lang.invoke.DirectMethodHandle$Holder.invokeStatic(java.lang.Object, java.lang.Object, java.lang.Object, java.lang.Object, java.lang.Object, java.lang.Object, java.lang.Object, java.lang.Object, java.lang.Object, java.lang.Object, java.lang.Object, java.lang.Object, java.lang.Object, java.lang.Object, java.lang.Object, java.lang.Object)'> (0x0000000716d0af48) thrown at [./src/hotspot/share/interpreter/linkResolver.cpp, l
Event: 2.668 Thread 0x000002058caa0800 Exception <a 'java/lang/NoSuchMethodError'{0x0000000716d18bf8}: 'java.lang.Object java.lang.invoke.DirectMethodHandle$Holder.invokeSpecial(java.lang.Object, java.lang.Object, int, int, java.lang.Object, java.lang.Object, java.lang.Object)'> (0x0000000716d18bf8) thrown at [./src/hotspot/share/interpreter/linkResolver.cpp, line 773]
Event: 2.668 Thread 0x000002058caa0800 Exception <a 'java/lang/NoSuchMethodError'{0x0000000716d1c188}: 'java.lang.Object java.lang.invoke.DelegatingMethodHandle$Holder.reinvoke_L(java.lang.Object, int, int, java.lang.Object, java.lang.Object, java.lang.Object)'> (0x0000000716d1c188) thrown at [./src/hotspot/share/interpreter/linkResolver.cpp, line 773]
Event: 2.668 Thread 0x000002058caa0800 Exception <a 'java/lang/NoSuchMethodError'{0x0000000716d20268}: 'java.lang.Object java.lang.invoke.DirectMethodHandle$Holder.invokeStatic(java.lang.Object, java.lang.Object, java.lang.Object, java.lang.Object, int)'> (0x0000000716d20268) thrown at [./src/hotspot/share/interpreter/linkResolver.cpp, line 773]
Event: 2.674 Thread 0x000002058caa0800 Exception <a 'java/io/FileNotFoundException'{0x0000000716d82900}> (0x0000000716d82900) thrown at [./src/hotspot/share/prims/jni.cpp, line 615]
Event: 2.713 Thread 0x00000205b3d89800 Exception <a 'java/lang/NoSuchMethodError'{0x0000000716c05280}: 'void java.lang.invoke.DirectMethodHandle$Holder.invokeSpecial(java.lang.Object, java.lang.Object)'> (0x0000000716c05280) thrown at [./src/hotspot/share/interpreter/linkResolver.cpp, line 773]
Event: 2.716 Thread 0x000002058caa0800 Exception <a 'java/lang/NoSuchMethodError'{0x0000000716ca1090}: 'java.lang.Object java.lang.invoke.DirectMethodHandle$Holder.invokeStatic(java.lang.Object, java.lang.Object, java.lang.Object, java.lang.Object, java.lang.Object, java.lang.Object, java.lang.Object, java.lang.Object, int)'> (0x0000000716ca1090) thrown at [./src/hotspot/share/interpreter/linkResolver.cpp, line 773]
Event: 2.717 Thread 0x000002058caa0800 Exception <a 'java/lang/NoSuchMethodError'{0x0000000716cbaff0}: 'java.lang.Object java.lang.invoke.DirectMethodHandle$Holder.invokeStatic(java.lang.Object, java.lang.Object, java.lang.Object, java.lang.Object, java.lang.Object, java.lang.Object, java.lang.Object, java.lang.Object, int, int)'> (0x0000000716cbaff0) thrown at [./src/hotspot/share/interpreter/linkResolver.cpp, line 773]
Event: 2.877 Thread 0x000002058caa0800 Exception <a 'java/lang/NoSuchMethodError'{0x0000000716bd2780}: 'java.lang.Object java.lang.invoke.DirectMethodHandle$Holder.invokeStatic(java.lang.Object, int, java.lang.Object, java.lang.Object, java.lang.Object, java.lang.Object)'> (0x0000000716bd2780) thrown at [./src/hotspot/share/interpreter/linkResolver.cpp, line 773]
Event: 2.878 Thread 0x000002058caa0800 Exception <a 'java/lang/NoSuchMethodError'{0x0000000716bd9840}: 'java.lang.Object java.lang.invoke.DirectMethodHandle$Holder.invokeStatic(java.lang.Object, int, java.lang.Object, java.lang.Object, java.lang.Object)'> (0x0000000716bd9840) thrown at [./src/hotspot/share/interpreter/linkResolver.cpp, line 773]
Event: 2.878 Thread 0x000002058caa0800 Exception <a 'java/lang/NoSuchMethodError'{0x0000000716bdd388}: 'java.lang.Object java.lang.invoke.DirectMethodHandle$Holder.invokeSpecial(java.lang.Object, java.lang.Object, int, java.lang.Object, java.lang.Object, java.lang.Object)'> (0x0000000716bdd388) thrown at [./src/hotspot/share/interpreter/linkResolver.cpp, line 773]
Event: 2.892 Thread 0x000002058caa0800 Exception <a 'java/lang/ClassNotFoundException'{0x0000000716a9ebc0}: com/sun/swing/internal/plaf/metal/resources/spi/metalProvider> (0x0000000716a9ebc0) thrown at [./src/hotspot/share/classfile/systemDictionary.cpp, line 231]
Event: 2.892 Thread 0x000002058caa0800 Exception <a 'java/lang/ClassNotFoundException'{0x0000000716aa2d48}: com/sun/swing/internal/plaf/basic/resources/spi/basicProvider> (0x0000000716aa2d48) thrown at [./src/hotspot/share/classfile/systemDictionary.cpp, line 231]
Event: 3.055 Thread 0x00000205b4ce0000 Exception <a 'java/lang/NoSuchMethodError'{0x0000000716782fa8}: 'java.lang.Object java.lang.invoke.DirectMethodHandle$Holder.invokeStatic(java.lang.Object, int, int, int, int)'> (0x0000000716782fa8) thrown at [./src/hotspot/share/interpreter/linkResolver.cpp, line 773]
Event: 3.055 Thread 0x00000205b4ce0000 Exception <a 'java/lang/NoSuchMethodError'{0x00000007167860d0}: 'java.lang.Object java.lang.invoke.DirectMethodHandle$Holder.invokeStaticInit(java.lang.Object, int, int, int, int)'> (0x00000007167860d0) thrown at [./src/hotspot/share/interpreter/linkResolver.cpp, line 773]

Events (20 events):
Event: 3.055 loading class sun/security/provider/AbstractHashDrbg done
Event: 3.055 loading class sun/security/provider/HashDrbg done
Event: 3.055 loading class sun/security/provider/EntropySource
Event: 3.055 loading class sun/security/provider/EntropySource done
Event: 3.056 loading class java/security/DrbgParameters$NextBytes
Event: 3.056 loading class java/security/DrbgParameters$NextBytes done
Event: 3.056 loading class sun/security/provider/AbstractDrbg$SeederHolder
Event: 3.056 loading class sun/security/provider/AbstractDrbg$SeederHolder done
Event: 3.056 loading class sun/security/provider/SeedGenerator
Event: 3.056 loading class sun/security/provider/SeedGenerator done
Event: 3.056 loading class sun/security/provider/NativeSeedGenerator
Event: 3.056 loading class sun/security/provider/NativeSeedGenerator done
Event: 3.057 loading class sun/security/provider/SeedGenerator$1
Event: 3.057 loading class sun/security/provider/SeedGenerator$1 done
Event: 3.057 loading class java/net/NetworkInterface$1
Event: 3.057 loading class java/net/NetworkInterface$1 done
Event: 3.058 loading class java/net/InterfaceAddress
Event: 3.058 loading class java/net/InterfaceAddress done
Event: 3.058 loading class java/net/DefaultInterface
Event: 3.058 loading class java/net/DefaultInterface done


Dynamic libraries:
0x00007ff6ccb70000 - 0x00007ff6ccb7d000 	Z:\Data\Programs\Java\11\bin\java.exe
0x00007ffe85560000 - 0x00007ffe85750000 	C:\Windows\SYSTEM32\ntdll.dll
0x00007ffe84530000 - 0x00007ffe845e2000 	C:\Windows\System32\KERNEL32.DLL
0x00007ffe82770000 - 0x00007ffe82a15000 	C:\Windows\System32\KERNELBASE.dll
0x00007ffe82a20000 - 0x00007ffe82b1a000 	C:\Windows\System32\ucrtbase.dll
0x00007ffe75ed0000 - 0x00007ffe75ee5000 	Z:\Data\Programs\Java\11\bin\VCRUNTIME140.dll
0x00007ffe75eb0000 - 0x00007ffe75ec7000 	Z:\Data\Programs\Java\11\bin\jli.dll
0x00007ffe84ed0000 - 0x00007ffe85065000 	C:\Windows\System32\USER32.dll
0x00007ffe83560000 - 0x00007ffe83581000 	C:\Windows\System32\win32u.dll
0x00007ffe639c0000 - 0x00007ffe63c44000 	C:\Windows\WinSxS\amd64_microsoft.windows.common-controls_6595b64144ccf1df_6.0.18362.1082_none_9e8193e1e45b25c1\COMCTL32.dll
0x00007ffe844a0000 - 0x00007ffe844c6000 	C:\Windows\System32\GDI32.dll
0x00007ffe83ec0000 - 0x00007ffe83f5e000 	C:\Windows\System32\msvcrt.dll
0x00007ffe825a0000 - 0x00007ffe82736000 	C:\Windows\System32\gdi32full.dll
0x00007ffe83ab0000 - 0x00007ffe83de5000 	C:\Windows\System32\combase.dll
0x00007ffe82b20000 - 0x00007ffe82bbe000 	C:\Windows\System32\msvcp_win.dll
0x00007ffe853f0000 - 0x00007ffe85510000 	C:\Windows\System32\RPCRT4.dll
0x00007ffe83390000 - 0x00007ffe83410000 	C:\Windows\System32\bcryptPrimitives.dll
0x00007ffe853c0000 - 0x00007ffe853ee000 	C:\Windows\System32\IMM32.DLL
0x00007ffe708e0000 - 0x00007ffe7097b000 	Z:\Data\Programs\Java\11\bin\msvcp140.dll
0x00007ffe38740000 - 0x00007ffe391fc000 	Z:\Data\Programs\Java\11\bin\server\jvm.dll
0x00007ffe83df0000 - 0x00007ffe83e93000 	C:\Windows\System32\ADVAPI32.dll
0x00007ffe84ce0000 - 0x00007ffe84d77000 	C:\Windows\System32\sechost.dll
0x00007ffe85510000 - 0x00007ffe85518000 	C:\Windows\System32\PSAPI.DLL
0x00007ffe75c50000 - 0x00007ffe75c59000 	C:\Windows\SYSTEM32\WSOCK32.dll
0x00007ffe797b0000 - 0x00007ffe797d4000 	C:\Windows\SYSTEM32\WINMM.dll
0x00007ffe7e0e0000 - 0x00007ffe7e0ea000 	C:\Windows\SYSTEM32\VERSION.dll
0x00007ffe85070000 - 0x00007ffe850df000 	C:\Windows\System32\WS2_32.dll
0x00007ffe79780000 - 0x00007ffe797ad000 	C:\Windows\SYSTEM32\WINMMBASE.dll
0x00007ffe82bc0000 - 0x00007ffe82c0a000 	C:\Windows\System32\cfgmgr32.dll
0x00007ffe82480000 - 0x00007ffe82491000 	C:\Windows\System32\kernel.appcore.dll
0x00007ffe7eac0000 - 0x00007ffe7ead0000 	Z:\Data\Programs\Java\11\bin\verify.dll
0x00007ffe7d7e0000 - 0x00007ffe7d9d4000 	C:\Windows\SYSTEM32\DBGHELP.DLL
0x00007ffe7da00000 - 0x00007ffe7da2a000 	C:\Windows\SYSTEM32\dbgcore.DLL
0x00007ffe61d90000 - 0x00007ffe61db8000 	Z:\Data\Programs\Java\11\bin\java.dll
0x00007ffe70730000 - 0x00007ffe7073e000 	Z:\Data\Programs\Java\11\bin\instrument.dll
0x00007ffe708c0000 - 0x00007ffe708d6000 	Z:\Data\Programs\Java\11\bin\zip.dll
0x00007ffe7db10000 - 0x00007ffe7db1a000 	Z:\Data\Programs\Java\11\bin\jimage.dll
0x00007ffe845f0000 - 0x00007ffe84cd7000 	C:\Windows\System32\SHELL32.dll
0x00007ffe843e0000 - 0x00007ffe84489000 	C:\Windows\System32\shcore.dll
0x00007ffe82c10000 - 0x00007ffe83390000 	C:\Windows\System32\windows.storage.dll
0x00007ffe824c0000 - 0x00007ffe824e3000 	C:\Windows\System32\profapi.dll
0x00007ffe82430000 - 0x00007ffe8247a000 	C:\Windows\System32\powrprof.dll
0x00007ffe82420000 - 0x00007ffe82430000 	C:\Windows\System32\UMPDC.dll
0x00007ffe844d0000 - 0x00007ffe84522000 	C:\Windows\System32\shlwapi.dll
0x00007ffe835f0000 - 0x00007ffe83607000 	C:\Windows\System32\cryptsp.dll
0x00007ffe61d70000 - 0x00007ffe61d89000 	Z:\Data\Programs\Java\11\bin\net.dll
0x00007ffe7bf20000 - 0x00007ffe7c010000 	C:\Windows\SYSTEM32\WINHTTP.dll
0x00007ffe81c70000 - 0x00007ffe81cd7000 	C:\Windows\system32\mswsock.dll
0x00007ffe605e0000 - 0x00007ffe605f2000 	Z:\Data\Programs\Java\11\bin\nio.dll
0x00007ffe5f760000 - 0x00007ffe5f77a000 	C:\Program Files\JetBrains\IntelliJ IDEA 2020.2.1\bin\breakgen64.dll
0x00007ffe7c340000 - 0x00007ffe7c349000 	Z:\Data\Programs\Java\11\bin\management.dll
0x00007ffe76490000 - 0x00007ffe7649b000 	Z:\Data\Programs\Java\11\bin\management_ext.dll
0x00007ffe48e20000 - 0x00007ffe48fb9000 	Z:\Data\Programs\Java\11\bin\awt.dll
0x00007ffe84d80000 - 0x00007ffe84e45000 	C:\Windows\System32\OLEAUT32.dll
0x00007ffe805a0000 - 0x00007ffe8062f000 	C:\Windows\SYSTEM32\apphelp.dll
0x00007ffe80ba0000 - 0x00007ffe80bcd000 	C:\Windows\system32\DWMAPI.DLL
0x00007ffe80770000 - 0x00007ffe80809000 	C:\Windows\system32\uxtheme.dll
0x00007ffe49160000 - 0x00007ffe492b6000 	C:\Windows\system32\opengl32.dll
0x00007ffe64490000 - 0x00007ffe644bc000 	C:\Windows\SYSTEM32\GLU32.dll
0x00007ffe81070000 - 0x00007ffe81090000 	C:\Windows\SYSTEM32\dxcore.dll
0x00007ffe838c0000 - 0x00007ffe839f5000 	C:\Windows\System32\MSCTF.dll
0x00007ffe83610000 - 0x00007ffe83767000 	C:\Windows\System32\ole32.dll
0x00007ffe625e0000 - 0x00007ffe627a7000 	C:\Windows\system32\d3d9.dll
0x00007ffe6c6a0000 - 0x00007ffe6c78f000 	C:\Windows\System32\DriverStore\FileRepository\nv_dispi.inf_amd64_95bdb3a23d6478de\nvldumdx.dll
0x00007ffe83410000 - 0x00007ffe83559000 	C:\Windows\System32\crypt32.dll
0x00007ffe824a0000 - 0x00007ffe824b2000 	C:\Windows\System32\MSASN1.dll
0x00007ffe7e0b0000 - 0x00007ffe7e0df000 	C:\Windows\SYSTEM32\cryptnet.dll
0x00007ffe81e40000 - 0x00007ffe81e4c000 	C:\Windows\SYSTEM32\cryptbase.dll
0x00007ffe83590000 - 0x00007ffe835ec000 	C:\Windows\System32\WINTRUST.DLL
0x00007ffe83ea0000 - 0x00007ffe83ebd000 	C:\Windows\System32\imagehlp.dll
0x00007ffe817e0000 - 0x00007ffe81813000 	C:\Windows\system32\rsaenh.dll
0x00007ffe82740000 - 0x00007ffe82766000 	C:\Windows\System32\bcrypt.dll
0x00007ffe2b7c0000 - 0x00007ffe2cce3000 	C:\Windows\System32\DriverStore\FileRepository\nv_dispi.inf_amd64_95bdb3a23d6478de\nvd3dumx.dll
0x00007ffe5ed90000 - 0x00007ffe5f047000 	C:\Windows\system32\nvspcap64.dll
0x00007ffe81460000 - 0x00007ffe81491000 	C:\Windows\SYSTEM32\ntmarta.dll
0x00007ffe81020000 - 0x00007ffe81042000 	C:\Windows\SYSTEM32\gpapi.dll
0x00007ffe819c0000 - 0x00007ffe81a8b000 	C:\Windows\SYSTEM32\DNSAPI.dll
0x00007ffe83f60000 - 0x00007ffe83f68000 	C:\Windows\System32\NSI.dll
0x00007ffe81980000 - 0x00007ffe819ba000 	C:\Windows\SYSTEM32\IPHLPAPI.DLL
0x0000000058a70000 - 0x0000000058a96000 	C:\Program Files\Bonjour\mdnsNSP.dll
0x00007ffe7ab40000 - 0x00007ffe7ab4a000 	C:\Windows\System32\rasadhlp.dll
0x00007ffe7db50000 - 0x00007ffe7dbc7000 	C:\Windows\System32\fwpuclnt.dll
0x00007ffe82300000 - 0x00007ffe82325000 	C:\Windows\SYSTEM32\USERENV.dll
0x00007ffe7e000000 - 0x00007ffe7e016000 	C:\Windows\SYSTEM32\dhcpcsvc6.DLL
0x00007ffe7e330000 - 0x00007ffe7e34c000 	C:\Windows\SYSTEM32\dhcpcsvc.DLL

dbghelp: loaded successfully - version: 4.0.5 - missing functions: none
symbol engine: initialized successfully - sym options: 0x614 - pdb path: .;Z:\Data\Programs\Java\11\bin;C:\Windows\SYSTEM32;C:\Windows\WinSxS\amd64_microsoft.windows.common-controls_6595b64144ccf1df_6.0.18362.1082_none_9e8193e1e45b25c1;Z:\Data\Programs\Java\11\bin\server;C:\Program Files\JetBrains\IntelliJ IDEA 2020.2.1\bin;C:\Windows\System32\DriverStore\FileRepository\nv_dispi.inf_amd64_95bdb3a23d6478de;C:\Program Files\Bonjour

VM Arguments:
jvm_args: -Xverify:none -javaagent:C:\Program Files\JetBrains\IntelliJ IDEA 2020.2.1\lib\idea_rt.jar=64007:C:\Program Files\JetBrains\IntelliJ IDEA 2020.2.1\bin -Dfile.encoding=UTF-8 
java_command: org.spectral.asm.core.Test
java_class_path (initial): C:\Users\Kyle\Projects\Spectral\workspaces\spectral-powered\asm\asm-core\build\classes\kotlin\main;C:\Users\Kyle\.gradle\caches\modules-2\files-2.1\org.jetbrains.kotlin\kotlin-reflect\1.4.0\aa2101a19d8688e368ae6e35e8967550ced73884\kotlin-reflect-1.4.0.jar;C:\Users\Kyle\.gradle\caches\modules-2\files-2.1\com.squareup\kotlinpoet\1.6.0\6ce4c42da0daf2ba11a4180d33360e8c049ef5b8\kotlinpoet-1.6.0.jar;C:\Users\Kyle\.gradle\caches\modules-2\files-2.1\org.jetbrains.kotlin\kotlin-stdlib\1.4.0\63e75298e93d4ae0b299bb869cf0c627196f8843\kotlin-stdlib-1.4.0.jar;C:\Users\Kyle\.gradle\caches\modules-2\files-2.1\org.ow2.asm\asm-commons\9.0-beta\70822fba45de318e51f6d6d297db294f44bd826e\asm-commons-9.0-beta.jar;C:\Users\Kyle\.gradle\caches\modules-2\files-2.1\org.ow2.asm\asm-util\9.0-beta\f6ce2fde6333772aa0f13058997ec92fdd12c89d\asm-util-9.0-beta.jar;C:\Users\Kyle\.gradle\caches\modules-2\files-2.1\org.ow2.asm\asm-tree\9.0-beta\c781acc4a83b6f4c953cbb1d9649e4f8c51cc2f2\asm-tree-9.0-beta.jar;C:\Users\Kyle\.gradle\caches\modules-2\files-2.1\org.ow2.asm\asm\9.0-beta\a0f58cad836a410f6ba133aaa209aea7e54aaf8a\asm-9.0-beta.jar;C:\Users\Kyle\.m2\repository\com\google\guava\guava\29.0-jre\guava-29.0-jre.jar;C:\Users\Kyle\.gradle\caches\modules-2\files-2.1\io.github.classgraph\classgraph\4.8.90\6167e1626143621df535fe14cf16cf215f2246e\classgraph-4.8.90.jar;C:\Users\Kyle\.gradle\caches\modules-2\files-2.1\com.esotericsoftware\reflectasm\1.11.9\fd51ad1705d5e27d8785550172a4ab0cb9b8ad23\reflectasm-1.11.9.jar;C:\Users\Kyle\.gradle\caches\modules-2\files-2.1\org.jetbrains.kotlin\kotlin-stdlib-jdk8\1.3.72\916d54b9eb6442b615e6f1488978f551c0674720\kotlin-stdlib-jdk8-1.3.72.jar;C:\Users\Kyle\.gradle\caches\modules-2\files-2.1\org.jetbrains.kotlin\kotlin-stdlib-common\1.4.0\1c752cce0ead8d504ccc88a4fed6471fd83ab0dd\kotlin-stdlib-common-1.4.0.jar;C:\Users\Kyle\.m2\repository\org\jetbrains\annotations\13.0\annotations-13.0.jar;C:\Users\Kyle\.gradle\caches\modules-2\files-2.1\org.ow2.
Launcher Type: SUN_STANDARD

[Global flags]
     bool BytecodeVerificationLocal                = false                                     {product} {command line}
     bool BytecodeVerificationRemote               = false                                     {product} {command line}
     intx CICompilerCount                          = 4                                         {product} {ergonomic}
     uint ConcGCThreads                            = 3                                         {product} {ergonomic}
     uint G1ConcRefinementThreads                  = 10                                        {product} {ergonomic}
   size_t G1HeapRegionSize                         = 1048576                                   {product} {ergonomic}
    uintx GCDrainStackTargetSize                   = 64                                        {product} {ergonomic}
   size_t InitialHeapSize                          = 268435456                                 {product} {ergonomic}
   size_t MarkStackSize                            = 4194304                                   {product} {ergonomic}
   size_t MaxHeapSize                              = 4276092928                                {product} {ergonomic}
   size_t MaxNewSize                               = 2564816896                                {product} {ergonomic}
   size_t MinHeapDeltaBytes                        = 1048576                                   {product} {ergonomic}
    uintx NonNMethodCodeHeapSize                   = 5836300                                {pd product} {ergonomic}
    uintx NonProfiledCodeHeapSize                  = 122910970                              {pd product} {ergonomic}
    uintx ProfiledCodeHeapSize                     = 122910970                              {pd product} {ergonomic}
    uintx ReservedCodeCacheSize                    = 251658240                              {pd product} {ergonomic}
     bool SegmentedCodeCache                       = true                                      {product} {ergonomic}
     bool UseCompressedClassPointers               = true                                 {lp64_product} {ergonomic}
     bool UseCompressedOops                        = true                                 {lp64_product} {ergonomic}
     bool UseG1GC                                  = true                                      {product} {ergonomic}
     bool UseLargePagesIndividualAllocation        = false                                  {pd product} {ergonomic}

Logging:
Log output configuration:
 #0: stdout all=warning uptime,level,tags
 #1: stderr all=off uptime,level,tags

Environment Variables:
JAVA_HOME=Z:\Data\Programs\Java\11\
PATH=C:\Program Files (x86)\Common Files\Intel\Shared Libraries\redist\intel64\compiler;Z:\Data\Programs\Java\11\bin;Z:\Data\Programs\Java\8\bin;C:\Windows\system32;C:\Windows;C:\Windows\System32\Wbem;C:\Windows\System32\WindowsPowerShell\v1.0\;C:\Windows\System32\OpenSSH\;C:\Program Files\PuTTY\;C:\Program Files\NVIDIA Corporation\NVIDIA NvDLISR;Z:\Data\Programs\Git\cmd;C:\Program Files (x86)\NVIDIA Corporation\PhysX\Common;Z:\Data\Programs\Gpg4win\..\GnuPG\bin;Z:\Data\Programs\php\7.3;Z:\Data\Programs\nodejs\;C:\Users\Kyle\AppData\Local\Microsoft\WindowsApps;C:\Users\Kyle\AppData\Local\atom\bin;C:\Users\Kyle\AppData\Roaming\npm
USERNAME=Kyle
OS=Windows_NT
PROCESSOR_IDENTIFIER=AMD64 Family 23 Model 8 Stepping 2, AuthenticAMD



---------------  S Y S T E M  ---------------

OS: Windows 10 , 64 bit Build 18362 (10.0.18362.1082)
OS uptime: 5 days 8:04 hours

CPU:total 12 (initial active 12) (12 cores per cpu, 2 threads per core) family 23 model 8 stepping 2, cmov, cx8, fxsr, mmx, sse, sse2, sse3, ssse3, sse4.1, sse4.2, popcnt, avx, avx2, aes, clmul, mmxext, 3dnowpref, lzcnt, sse4a, ht, tsc, tscinvbit, tscinv, bmi1, bmi2, adx, sha, fma

Memory: 4k page, system-wide physical 16304M (4237M free)
TotalPageFile size 34616M (AvailPageFile size 17110M)
current process WorkingSet (physical memory assigned to process): 427M, peak: 427M
current process commit charge ("private bytes"): 533M, peak: 534M

vm_info: OpenJDK 64-Bit Server VM (11.0.7+10) for windows-amd64 JRE (11.0.7+10), built on Apr 22 2020 11:46:09 by "" with MS VC++ 15.9 (VS2017)

END.
